mode: set
/Users/rollatgr/Documents/work/travel/aws_solutions/UCP/unified-profile-for-travellers-and-guests-on-aws/source/ucp-sync/src/business-logic/usecase/maintainGluePartitions/usecase.go:30.246,38.16 7 0
/Users/rollatgr/Documents/work/travel/aws_solutions/UCP/unified-profile-for-travellers-and-guests-on-aws/source/ucp-sync/src/business-logic/usecase/maintainGluePartitions/usecase.go:42.2,46.33 5 0
/Users/rollatgr/Documents/work/travel/aws_solutions/UCP/unified-profile-for-travellers-and-guests-on-aws/source/ucp-sync/src/business-logic/usecase/maintainGluePartitions/usecase.go:86.2,87.40 2 0
/Users/rollatgr/Documents/work/travel/aws_solutions/UCP/unified-profile-for-travellers-and-guests-on-aws/source/ucp-sync/src/business-logic/usecase/maintainGluePartitions/usecase.go:38.16,41.3 2 0
/Users/rollatgr/Documents/work/travel/aws_solutions/UCP/unified-profile-for-travellers-and-guests-on-aws/source/ucp-sync/src/business-logic/usecase/maintainGluePartitions/usecase.go:46.33,51.62 5 0
/Users/rollatgr/Documents/work/travel/aws_solutions/UCP/unified-profile-for-travellers-and-guests-on-aws/source/ucp-sync/src/business-logic/usecase/maintainGluePartitions/usecase.go:51.62,54.18 3 0
/Users/rollatgr/Documents/work/travel/aws_solutions/UCP/unified-profile-for-travellers-and-guests-on-aws/source/ucp-sync/src/business-logic/usecase/maintainGluePartitions/usecase.go:60.4,66.21 6 0
/Users/rollatgr/Documents/work/travel/aws_solutions/UCP/unified-profile-for-travellers-and-guests-on-aws/source/ucp-sync/src/business-logic/usecase/maintainGluePartitions/usecase.go:71.4,79.18 5 0
/Users/rollatgr/Documents/work/travel/aws_solutions/UCP/unified-profile-for-travellers-and-guests-on-aws/source/ucp-sync/src/business-logic/usecase/maintainGluePartitions/usecase.go:83.4,83.13 1 0
/Users/rollatgr/Documents/work/travel/aws_solutions/UCP/unified-profile-for-travellers-and-guests-on-aws/source/ucp-sync/src/business-logic/usecase/maintainGluePartitions/usecase.go:54.18,59.5 4 0
/Users/rollatgr/Documents/work/travel/aws_solutions/UCP/unified-profile-for-travellers-and-guests-on-aws/source/ucp-sync/src/business-logic/usecase/maintainGluePartitions/usecase.go:66.21,70.5 3 0
/Users/rollatgr/Documents/work/travel/aws_solutions/UCP/unified-profile-for-travellers-and-guests-on-aws/source/ucp-sync/src/business-logic/usecase/maintainGluePartitions/usecase.go:79.18,82.5 2 0
/Users/rollatgr/Documents/work/travel/aws_solutions/UCP/unified-profile-for-travellers-and-guests-on-aws/source/ucp-sync/src/business-logic/usecase/maintainGluePartitions/usecase.go:90.124,93.38 3 1
/Users/rollatgr/Documents/work/travel/aws_solutions/UCP/unified-profile-for-travellers-and-guests-on-aws/source/ucp-sync/src/business-logic/usecase/maintainGluePartitions/usecase.go:103.2,103.22 1 1
/Users/rollatgr/Documents/work/travel/aws_solutions/UCP/unified-profile-for-travellers-and-guests-on-aws/source/ucp-sync/src/business-logic/usecase/maintainGluePartitions/usecase.go:93.38,102.3 5 1
/Users/rollatgr/Documents/work/travel/aws_solutions/UCP/unified-profile-for-travellers-and-guests-on-aws/source/ucp-sync/src/business-logic/usecase/maintainGluePartitions/usecase.go:106.134,108.33 2 1
/Users/rollatgr/Documents/work/travel/aws_solutions/UCP/unified-profile-for-travellers-and-guests-on-aws/source/ucp-sync/src/business-logic/usecase/maintainGluePartitions/usecase.go:118.2,118.16 1 1
/Users/rollatgr/Documents/work/travel/aws_solutions/UCP/unified-profile-for-travellers-and-guests-on-aws/source/ucp-sync/src/business-logic/usecase/maintainGluePartitions/usecase.go:108.33,109.46 1 1
/Users/rollatgr/Documents/work/travel/aws_solutions/UCP/unified-profile-for-travellers-and-guests-on-aws/source/ucp-sync/src/business-logic/usecase/maintainGluePartitions/usecase.go:109.46,116.4 1 1
/Users/rollatgr/Documents/work/travel/aws_solutions/UCP/unified-profile-for-travellers-and-guests-on-aws/source/ucp-sync/src/business-logic/usecase/maintainGluePartitions/usecase.go:121.143,124.16 3 1
/Users/rollatgr/Documents/work/travel/aws_solutions/UCP/unified-profile-for-travellers-and-guests-on-aws/source/ucp-sync/src/business-logic/usecase/maintainGluePartitions/usecase.go:128.2,129.16 2 0
/Users/rollatgr/Documents/work/travel/aws_solutions/UCP/unified-profile-for-travellers-and-guests-on-aws/source/ucp-sync/src/business-logic/usecase/maintainGluePartitions/usecase.go:133.2,133.39 1 0
/Users/rollatgr/Documents/work/travel/aws_solutions/UCP/unified-profile-for-travellers-and-guests-on-aws/source/ucp-sync/src/business-logic/usecase/maintainGluePartitions/usecase.go:137.2,137.20 1 0
/Users/rollatgr/Documents/work/travel/aws_solutions/UCP/unified-profile-for-travellers-and-guests-on-aws/source/ucp-sync/src/business-logic/usecase/maintainGluePartitions/usecase.go:124.16,127.3 2 1
/Users/rollatgr/Documents/work/travel/aws_solutions/UCP/unified-profile-for-travellers-and-guests-on-aws/source/ucp-sync/src/business-logic/usecase/maintainGluePartitions/usecase.go:129.16,132.3 2 0
/Users/rollatgr/Documents/work/travel/aws_solutions/UCP/unified-profile-for-travellers-and-guests-on-aws/source/ucp-sync/src/business-logic/usecase/maintainGluePartitions/usecase.go:133.39,136.3 2 0
/Users/rollatgr/Documents/work/travel/aws_solutions/UCP/unified-profile-for-travellers-and-guests-on-aws/source/ucp-sync/src/business-logic/usecase/maintainGluePartitions/usecase.go:140.129,145.16 5 0
/Users/rollatgr/Documents/work/travel/aws_solutions/UCP/unified-profile-for-travellers-and-guests-on-aws/source/ucp-sync/src/business-logic/usecase/maintainGluePartitions/usecase.go:152.2,154.17 3 0
/Users/rollatgr/Documents/work/travel/aws_solutions/UCP/unified-profile-for-travellers-and-guests-on-aws/source/ucp-sync/src/business-logic/usecase/maintainGluePartitions/usecase.go:157.2,157.13 1 0
/Users/rollatgr/Documents/work/travel/aws_solutions/UCP/unified-profile-for-travellers-and-guests-on-aws/source/ucp-sync/src/business-logic/usecase/maintainGluePartitions/usecase.go:145.16,148.3 2 0
/Users/rollatgr/Documents/work/travel/aws_solutions/UCP/unified-profile-for-travellers-and-guests-on-aws/source/ucp-sync/src/business-logic/usecase/maintainGluePartitions/usecase.go:148.8,151.3 2 0
/Users/rollatgr/Documents/work/travel/aws_solutions/UCP/unified-profile-for-travellers-and-guests-on-aws/source/ucp-sync/src/business-logic/usecase/maintainGluePartitions/usecase.go:154.17,156.3 1 0
/Users/rollatgr/Documents/work/travel/aws_solutions/UCP/unified-profile-for-travellers-and-guests-on-aws/source/ucp-sync/src/business-logic/usecase/maintainGluePartitions/usecase.go:160.39,162.2 1 0
/Users/rollatgr/Documents/work/travel/aws_solutions/UCP/unified-profile-for-travellers-and-guests-on-aws/source/ucp-sync/src/business-logic/usecase/maintainGluePartitions/usecase.go:164.104,166.2 1 1
