mode: set
/Users/rollatgr/Documents/work/travel/aws_solutions/UCP/unified-profile-for-travellers-and-guests-on-aws/source/ucp-sync/src/business-logic/usecase/maintainGluePartitions/usecase.go:30.227,38.16 7 1
/Users/rollatgr/Documents/work/travel/aws_solutions/UCP/unified-profile-for-travellers-and-guests-on-aws/source/ucp-sync/src/business-logic/usecase/maintainGluePartitions/usecase.go:42.2,46.33 5 1
/Users/rollatgr/Documents/work/travel/aws_solutions/UCP/unified-profile-for-travellers-and-guests-on-aws/source/ucp-sync/src/business-logic/usecase/maintainGluePartitions/usecase.go:86.2,87.40 2 1
/Users/rollatgr/Documents/work/travel/aws_solutions/UCP/unified-profile-for-travellers-and-guests-on-aws/source/ucp-sync/src/business-logic/usecase/maintainGluePartitions/usecase.go:38.16,41.3 2 0
/Users/rollatgr/Documents/work/travel/aws_solutions/UCP/unified-profile-for-travellers-and-guests-on-aws/source/ucp-sync/src/business-logic/usecase/maintainGluePartitions/usecase.go:46.33,51.62 5 1
/Users/rollatgr/Documents/work/travel/aws_solutions/UCP/unified-profile-for-travellers-and-guests-on-aws/source/ucp-sync/src/business-logic/usecase/maintainGluePartitions/usecase.go:51.62,54.18 3 1
/Users/rollatgr/Documents/work/travel/aws_solutions/UCP/unified-profile-for-travellers-and-guests-on-aws/source/ucp-sync/src/business-logic/usecase/maintainGluePartitions/usecase.go:60.4,66.21 6 1
/Users/rollatgr/Documents/work/travel/aws_solutions/UCP/unified-profile-for-travellers-and-guests-on-aws/source/ucp-sync/src/business-logic/usecase/maintainGluePartitions/usecase.go:71.4,79.18 5 1
/Users/rollatgr/Documents/work/travel/aws_solutions/UCP/unified-profile-for-travellers-and-guests-on-aws/source/ucp-sync/src/business-logic/usecase/maintainGluePartitions/usecase.go:83.4,83.13 1 1
/Users/rollatgr/Documents/work/travel/aws_solutions/UCP/unified-profile-for-travellers-and-guests-on-aws/source/ucp-sync/src/business-logic/usecase/maintainGluePartitions/usecase.go:54.18,59.5 4 0
/Users/rollatgr/Documents/work/travel/aws_solutions/UCP/unified-profile-for-travellers-and-guests-on-aws/source/ucp-sync/src/business-logic/usecase/maintainGluePartitions/usecase.go:66.21,70.5 3 0
/Users/rollatgr/Documents/work/travel/aws_solutions/UCP/unified-profile-for-travellers-and-guests-on-aws/source/ucp-sync/src/business-logic/usecase/maintainGluePartitions/usecase.go:79.18,82.5 2 0
/Users/rollatgr/Documents/work/travel/aws_solutions/UCP/unified-profile-for-travellers-and-guests-on-aws/source/ucp-sync/src/business-logic/usecase/maintainGluePartitions/usecase.go:90.124,93.38 3 1
/Users/rollatgr/Documents/work/travel/aws_solutions/UCP/unified-profile-for-travellers-and-guests-on-aws/source/ucp-sync/src/business-logic/usecase/maintainGluePartitions/usecase.go:103.2,103.22 1 1
/Users/rollatgr/Documents/work/travel/aws_solutions/UCP/unified-profile-for-travellers-and-guests-on-aws/source/ucp-sync/src/business-logic/usecase/maintainGluePartitions/usecase.go:93.38,102.3 5 1
/Users/rollatgr/Documents/work/travel/aws_solutions/UCP/unified-profile-for-travellers-and-guests-on-aws/source/ucp-sync/src/business-logic/usecase/maintainGluePartitions/usecase.go:106.134,108.33 2 1
/Users/rollatgr/Documents/work/travel/aws_solutions/UCP/unified-profile-for-travellers-and-guests-on-aws/source/ucp-sync/src/business-logic/usecase/maintainGluePartitions/usecase.go:118.2,118.16 1 1
/Users/rollatgr/Documents/work/travel/aws_solutions/UCP/unified-profile-for-travellers-and-guests-on-aws/source/ucp-sync/src/business-logic/usecase/maintainGluePartitions/usecase.go:108.33,109.46 1 1
/Users/rollatgr/Documents/work/travel/aws_solutions/UCP/unified-profile-for-travellers-and-guests-on-aws/source/ucp-sync/src/business-logic/usecase/maintainGluePartitions/usecase.go:109.46,116.4 1 1
/Users/rollatgr/Documents/work/travel/aws_solutions/UCP/unified-profile-for-travellers-and-guests-on-aws/source/ucp-sync/src/business-logic/usecase/maintainGluePartitions/usecase.go:121.143,124.16 3 1
/Users/rollatgr/Documents/work/travel/aws_solutions/UCP/unified-profile-for-travellers-and-guests-on-aws/source/ucp-sync/src/business-logic/usecase/maintainGluePartitions/usecase.go:128.2,129.16 2 1
/Users/rollatgr/Documents/work/travel/aws_solutions/UCP/unified-profile-for-travellers-and-guests-on-aws/source/ucp-sync/src/business-logic/usecase/maintainGluePartitions/usecase.go:132.2,132.39 1 1
/Users/rollatgr/Documents/work/travel/aws_solutions/UCP/unified-profile-for-travellers-and-guests-on-aws/source/ucp-sync/src/business-logic/usecase/maintainGluePartitions/usecase.go:136.2,136.20 1 1
/Users/rollatgr/Documents/work/travel/aws_solutions/UCP/unified-profile-for-travellers-and-guests-on-aws/source/ucp-sync/src/business-logic/usecase/maintainGluePartitions/usecase.go:124.16,127.3 2 1
/Users/rollatgr/Documents/work/travel/aws_solutions/UCP/unified-profile-for-travellers-and-guests-on-aws/source/ucp-sync/src/business-logic/usecase/maintainGluePartitions/usecase.go:129.16,131.3 1 0
/Users/rollatgr/Documents/work/travel/aws_solutions/UCP/unified-profile-for-travellers-and-guests-on-aws/source/ucp-sync/src/business-logic/usecase/maintainGluePartitions/usecase.go:132.39,135.3 2 1
/Users/rollatgr/Documents/work/travel/aws_solutions/UCP/unified-profile-for-travellers-and-guests-on-aws/source/ucp-sync/src/business-logic/usecase/maintainGluePartitions/usecase.go:139.129,144.16 5 1
/Users/rollatgr/Documents/work/travel/aws_solutions/UCP/unified-profile-for-travellers-and-guests-on-aws/source/ucp-sync/src/business-logic/usecase/maintainGluePartitions/usecase.go:151.2,153.17 3 1
/Users/rollatgr/Documents/work/travel/aws_solutions/UCP/unified-profile-for-travellers-and-guests-on-aws/source/ucp-sync/src/business-logic/usecase/maintainGluePartitions/usecase.go:156.2,156.13 1 1
/Users/rollatgr/Documents/work/travel/aws_solutions/UCP/unified-profile-for-travellers-and-guests-on-aws/source/ucp-sync/src/business-logic/usecase/maintainGluePartitions/usecase.go:144.16,147.3 2 0
/Users/rollatgr/Documents/work/travel/aws_solutions/UCP/unified-profile-for-travellers-and-guests-on-aws/source/ucp-sync/src/business-logic/usecase/maintainGluePartitions/usecase.go:147.8,150.3 2 1
/Users/rollatgr/Documents/work/travel/aws_solutions/UCP/unified-profile-for-travellers-and-guests-on-aws/source/ucp-sync/src/business-logic/usecase/maintainGluePartitions/usecase.go:153.17,155.3 1 0
/Users/rollatgr/Documents/work/travel/aws_solutions/UCP/unified-profile-for-travellers-and-guests-on-aws/source/ucp-sync/src/business-logic/usecase/maintainGluePartitions/usecase.go:159.39,161.2 1 1
/Users/rollatgr/Documents/work/travel/aws_solutions/UCP/unified-profile-for-travellers-and-guests-on-aws/source/ucp-sync/src/business-logic/usecase/maintainGluePartitions/usecase.go:163.104,165.2 1 1
