mode: set
/Users/akasgag/unified-profile-for-travellers-and-guests-on-aws/source/ucp-backend/src/main/main.go:93.116,100.47 6 0
/Users/akasgag/unified-profile-for-travellers-and-guests-on-aws/source/ucp-backend/src/main/main.go:113.2,160.21 43 0
/Users/akasgag/unified-profile-for-travellers-and-guests-on-aws/source/ucp-backend/src/main/main.go:100.47,104.17 3 0
/Users/akasgag/unified-profile-for-travellers-and-guests-on-aws/source/ucp-backend/src/main/main.go:107.3,108.17 2 0
/Users/akasgag/unified-profile-for-travellers-and-guests-on-aws/source/ucp-backend/src/main/main.go:104.17,106.4 1 0
/Users/akasgag/unified-profile-for-travellers-and-guests-on-aws/source/ucp-backend/src/main/main.go:108.17,110.4 1 0
/Users/akasgag/unified-profile-for-travellers-and-guests-on-aws/source/ucp-backend/src/main/main.go:163.13,165.2 1 0
