mode: set
/Users/rollatgr/Documents/work/travel/aws_solutions/UCP/unified-profile-for-travellers-and-guests-on-aws/source/ucp-backend/src/business-logic/validator/validator.go:20.102,23.2 2 0
/Users/rollatgr/Documents/work/travel/aws_solutions/UCP/unified-profile-for-travellers-and-guests-on-aws/source/ucp-backend/src/business-logic/validator/validator.go:25.188,30.19 5 1
/Users/rollatgr/Documents/work/travel/aws_solutions/UCP/unified-profile-for-travellers-and-guests-on-aws/source/ucp-backend/src/business-logic/validator/validator.go:33.2,36.16 3 1
/Users/rollatgr/Documents/work/travel/aws_solutions/UCP/unified-profile-for-travellers-and-guests-on-aws/source/ucp-backend/src/business-logic/validator/validator.go:39.2,44.33 6 1
/Users/rollatgr/Documents/work/travel/aws_solutions/UCP/unified-profile-for-travellers-and-guests-on-aws/source/ucp-backend/src/business-logic/validator/validator.go:59.2,60.20 2 1
/Users/rollatgr/Documents/work/travel/aws_solutions/UCP/unified-profile-for-travellers-and-guests-on-aws/source/ucp-backend/src/business-logic/validator/validator.go:63.2,63.33 1 1
/Users/rollatgr/Documents/work/travel/aws_solutions/UCP/unified-profile-for-travellers-and-guests-on-aws/source/ucp-backend/src/business-logic/validator/validator.go:30.19,32.3 1 0
/Users/rollatgr/Documents/work/travel/aws_solutions/UCP/unified-profile-for-travellers-and-guests-on-aws/source/ucp-backend/src/business-logic/validator/validator.go:36.16,38.3 1 0
/Users/rollatgr/Documents/work/travel/aws_solutions/UCP/unified-profile-for-travellers-and-guests-on-aws/source/ucp-backend/src/business-logic/validator/validator.go:44.33,45.26 1 1
/Users/rollatgr/Documents/work/travel/aws_solutions/UCP/unified-profile-for-travellers-and-guests-on-aws/source/ucp-backend/src/business-logic/validator/validator.go:45.26,48.35 3 1
/Users/rollatgr/Documents/work/travel/aws_solutions/UCP/unified-profile-for-travellers-and-guests-on-aws/source/ucp-backend/src/business-logic/validator/validator.go:53.4,53.18 1 1
/Users/rollatgr/Documents/work/travel/aws_solutions/UCP/unified-profile-for-travellers-and-guests-on-aws/source/ucp-backend/src/business-logic/validator/validator.go:56.4,56.13 1 1
/Users/rollatgr/Documents/work/travel/aws_solutions/UCP/unified-profile-for-travellers-and-guests-on-aws/source/ucp-backend/src/business-logic/validator/validator.go:48.35,52.5 3 1
/Users/rollatgr/Documents/work/travel/aws_solutions/UCP/unified-profile-for-travellers-and-guests-on-aws/source/ucp-backend/src/business-logic/validator/validator.go:53.18,55.5 1 0
/Users/rollatgr/Documents/work/travel/aws_solutions/UCP/unified-profile-for-travellers-and-guests-on-aws/source/ucp-backend/src/business-logic/validator/validator.go:60.20,62.3 1 0
/Users/rollatgr/Documents/work/travel/aws_solutions/UCP/unified-profile-for-travellers-and-guests-on-aws/source/ucp-backend/src/business-logic/validator/validator.go:66.159,69.17 3 1
/Users/rollatgr/Documents/work/travel/aws_solutions/UCP/unified-profile-for-travellers-and-guests-on-aws/source/ucp-backend/src/business-logic/validator/validator.go:83.2,83.19 1 1
/Users/rollatgr/Documents/work/travel/aws_solutions/UCP/unified-profile-for-travellers-and-guests-on-aws/source/ucp-backend/src/business-logic/validator/validator.go:99.2,100.17 2 1
/Users/rollatgr/Documents/work/travel/aws_solutions/UCP/unified-profile-for-travellers-and-guests-on-aws/source/ucp-backend/src/business-logic/validator/validator.go:103.2,103.33 1 1
/Users/rollatgr/Documents/work/travel/aws_solutions/UCP/unified-profile-for-travellers-and-guests-on-aws/source/ucp-backend/src/business-logic/validator/validator.go:106.2,106.36 1 1
/Users/rollatgr/Documents/work/travel/aws_solutions/UCP/unified-profile-for-travellers-and-guests-on-aws/source/ucp-backend/src/business-logic/validator/validator.go:115.2,115.33 1 1
/Users/rollatgr/Documents/work/travel/aws_solutions/UCP/unified-profile-for-travellers-and-guests-on-aws/source/ucp-backend/src/business-logic/validator/validator.go:69.17,82.3 1 0
/Users/rollatgr/Documents/work/travel/aws_solutions/UCP/unified-profile-for-travellers-and-guests-on-aws/source/ucp-backend/src/business-logic/validator/validator.go:83.19,98.3 2 0
/Users/rollatgr/Documents/work/travel/aws_solutions/UCP/unified-profile-for-travellers-and-guests-on-aws/source/ucp-backend/src/business-logic/validator/validator.go:100.17,102.3 1 0
/Users/rollatgr/Documents/work/travel/aws_solutions/UCP/unified-profile-for-travellers-and-guests-on-aws/source/ucp-backend/src/business-logic/validator/validator.go:103.33,105.3 1 0
/Users/rollatgr/Documents/work/travel/aws_solutions/UCP/unified-profile-for-travellers-and-guests-on-aws/source/ucp-backend/src/business-logic/validator/validator.go:106.36,108.18 2 1
/Users/rollatgr/Documents/work/travel/aws_solutions/UCP/unified-profile-for-travellers-and-guests-on-aws/source/ucp-backend/src/business-logic/validator/validator.go:111.3,111.34 1 1
/Users/rollatgr/Documents/work/travel/aws_solutions/UCP/unified-profile-for-travellers-and-guests-on-aws/source/ucp-backend/src/business-logic/validator/validator.go:108.18,110.4 1 0
/Users/rollatgr/Documents/work/travel/aws_solutions/UCP/unified-profile-for-travellers-and-guests-on-aws/source/ucp-backend/src/business-logic/validator/validator.go:111.34,113.4 1 1
/Users/rollatgr/Documents/work/travel/aws_solutions/UCP/unified-profile-for-travellers-and-guests-on-aws/source/ucp-backend/src/business-logic/validator/validator.go:118.165,125.43 7 1
/Users/rollatgr/Documents/work/travel/aws_solutions/UCP/unified-profile-for-travellers-and-guests-on-aws/source/ucp-backend/src/business-logic/validator/validator.go:129.2,130.35 2 1
/Users/rollatgr/Documents/work/travel/aws_solutions/UCP/unified-profile-for-travellers-and-guests-on-aws/source/ucp-backend/src/business-logic/validator/validator.go:148.2,149.41 2 1
/Users/rollatgr/Documents/work/travel/aws_solutions/UCP/unified-profile-for-travellers-and-guests-on-aws/source/ucp-backend/src/business-logic/validator/validator.go:162.2,163.51 2 1
/Users/rollatgr/Documents/work/travel/aws_solutions/UCP/unified-profile-for-travellers-and-guests-on-aws/source/ucp-backend/src/business-logic/validator/validator.go:175.2,175.49 1 1
/Users/rollatgr/Documents/work/travel/aws_solutions/UCP/unified-profile-for-travellers-and-guests-on-aws/source/ucp-backend/src/business-logic/validator/validator.go:187.2,187.53 1 1
/Users/rollatgr/Documents/work/travel/aws_solutions/UCP/unified-profile-for-travellers-and-guests-on-aws/source/ucp-backend/src/business-logic/validator/validator.go:199.2,199.21 1 1
/Users/rollatgr/Documents/work/travel/aws_solutions/UCP/unified-profile-for-travellers-and-guests-on-aws/source/ucp-backend/src/business-logic/validator/validator.go:125.43,128.3 2 1
/Users/rollatgr/Documents/work/travel/aws_solutions/UCP/unified-profile-for-travellers-and-guests-on-aws/source/ucp-backend/src/business-logic/validator/validator.go:130.35,132.28 2 1
/Users/rollatgr/Documents/work/travel/aws_solutions/UCP/unified-profile-for-travellers-and-guests-on-aws/source/ucp-backend/src/business-logic/validator/validator.go:135.3,135.35 1 1
/Users/rollatgr/Documents/work/travel/aws_solutions/UCP/unified-profile-for-travellers-and-guests-on-aws/source/ucp-backend/src/business-logic/validator/validator.go:132.28,134.4 1 0
/Users/rollatgr/Documents/work/travel/aws_solutions/UCP/unified-profile-for-travellers-and-guests-on-aws/source/ucp-backend/src/business-logic/validator/validator.go:135.35,146.4 1 0
/Users/rollatgr/Documents/work/travel/aws_solutions/UCP/unified-profile-for-travellers-and-guests-on-aws/source/ucp-backend/src/business-logic/validator/validator.go:149.41,150.25 1 1
/Users/rollatgr/Documents/work/travel/aws_solutions/UCP/unified-profile-for-travellers-and-guests-on-aws/source/ucp-backend/src/business-logic/validator/validator.go:150.25,160.4 1 0
/Users/rollatgr/Documents/work/travel/aws_solutions/UCP/unified-profile-for-travellers-and-guests-on-aws/source/ucp-backend/src/business-logic/validator/validator.go:163.51,174.3 1 0
/Users/rollatgr/Documents/work/travel/aws_solutions/UCP/unified-profile-for-travellers-and-guests-on-aws/source/ucp-backend/src/business-logic/validator/validator.go:175.49,186.3 1 0
/Users/rollatgr/Documents/work/travel/aws_solutions/UCP/unified-profile-for-travellers-and-guests-on-aws/source/ucp-backend/src/business-logic/validator/validator.go:187.53,198.3 1 0
/Users/rollatgr/Documents/work/travel/aws_solutions/UCP/unified-profile-for-travellers-and-guests-on-aws/source/ucp-backend/src/business-logic/validator/validator.go:202.190,207.38 5 1
/Users/rollatgr/Documents/work/travel/aws_solutions/UCP/unified-profile-for-travellers-and-guests-on-aws/source/ucp-backend/src/business-logic/validator/validator.go:259.2,259.21 1 1
/Users/rollatgr/Documents/work/travel/aws_solutions/UCP/unified-profile-for-travellers-and-guests-on-aws/source/ucp-backend/src/business-logic/validator/validator.go:207.38,208.81 1 1
/Users/rollatgr/Documents/work/travel/aws_solutions/UCP/unified-profile-for-travellers-and-guests-on-aws/source/ucp-backend/src/business-logic/validator/validator.go:220.3,220.79 1 1
/Users/rollatgr/Documents/work/travel/aws_solutions/UCP/unified-profile-for-travellers-and-guests-on-aws/source/ucp-backend/src/business-logic/validator/validator.go:232.3,232.83 1 1
/Users/rollatgr/Documents/work/travel/aws_solutions/UCP/unified-profile-for-travellers-and-guests-on-aws/source/ucp-backend/src/business-logic/validator/validator.go:244.3,244.42 1 1
/Users/rollatgr/Documents/work/travel/aws_solutions/UCP/unified-profile-for-travellers-and-guests-on-aws/source/ucp-backend/src/business-logic/validator/validator.go:208.81,219.4 1 1
/Users/rollatgr/Documents/work/travel/aws_solutions/UCP/unified-profile-for-travellers-and-guests-on-aws/source/ucp-backend/src/business-logic/validator/validator.go:220.79,231.4 1 1
/Users/rollatgr/Documents/work/travel/aws_solutions/UCP/unified-profile-for-travellers-and-guests-on-aws/source/ucp-backend/src/business-logic/validator/validator.go:232.83,243.4 1 1
/Users/rollatgr/Documents/work/travel/aws_solutions/UCP/unified-profile-for-travellers-and-guests-on-aws/source/ucp-backend/src/business-logic/validator/validator.go:244.42,245.55 1 1
/Users/rollatgr/Documents/work/travel/aws_solutions/UCP/unified-profile-for-travellers-and-guests-on-aws/source/ucp-backend/src/business-logic/validator/validator.go:245.55,256.5 1 1
/Users/rollatgr/Documents/work/travel/aws_solutions/UCP/unified-profile-for-travellers-and-guests-on-aws/source/ucp-backend/src/business-logic/validator/validator.go:262.91,263.35 1 1
/Users/rollatgr/Documents/work/travel/aws_solutions/UCP/unified-profile-for-travellers-and-guests-on-aws/source/ucp-backend/src/business-logic/validator/validator.go:270.2,270.11 1 0
/Users/rollatgr/Documents/work/travel/aws_solutions/UCP/unified-profile-for-travellers-and-guests-on-aws/source/ucp-backend/src/business-logic/validator/validator.go:263.35,264.41 1 1
/Users/rollatgr/Documents/work/travel/aws_solutions/UCP/unified-profile-for-travellers-and-guests-on-aws/source/ucp-backend/src/business-logic/validator/validator.go:264.41,265.26 1 1
/Users/rollatgr/Documents/work/travel/aws_solutions/UCP/unified-profile-for-travellers-and-guests-on-aws/source/ucp-backend/src/business-logic/validator/validator.go:265.26,267.5 1 1
/Users/rollatgr/Documents/work/travel/aws_solutions/UCP/unified-profile-for-travellers-and-guests-on-aws/source/ucp-backend/src/business-logic/validator/validator.go:273.49,275.20 2 1
/Users/rollatgr/Documents/work/travel/aws_solutions/UCP/unified-profile-for-travellers-and-guests-on-aws/source/ucp-backend/src/business-logic/validator/validator.go:278.2,278.17 1 1
/Users/rollatgr/Documents/work/travel/aws_solutions/UCP/unified-profile-for-travellers-and-guests-on-aws/source/ucp-backend/src/business-logic/validator/validator.go:275.20,277.3 1 0
/Users/rollatgr/Documents/work/travel/aws_solutions/UCP/unified-profile-for-travellers-and-guests-on-aws/source/ucp-backend/src/business-logic/validator/validator.go:282.44,284.20 2 1
/Users/rollatgr/Documents/work/travel/aws_solutions/UCP/unified-profile-for-travellers-and-guests-on-aws/source/ucp-backend/src/business-logic/validator/validator.go:287.2,287.17 1 1
/Users/rollatgr/Documents/work/travel/aws_solutions/UCP/unified-profile-for-travellers-and-guests-on-aws/source/ucp-backend/src/business-logic/validator/validator.go:284.20,286.3 1 0
