mode: set
/Users/rollatgr/Documents/work/travel/aws_solutions/UCP/unified-profile-for-travellers-and-guests-on-aws/source/ucp-backend/src/business-logic/usecase/admincase.go:33.95,36.16 3 0
/Users/rollatgr/Documents/work/travel/aws_solutions/UCP/unified-profile-for-travellers-and-guests-on-aws/source/ucp-backend/src/business-logic/usecase/admincase.go:39.2,39.35 1 0
/Users/rollatgr/Documents/work/travel/aws_solutions/UCP/unified-profile-for-travellers-and-guests-on-aws/source/ucp-backend/src/business-logic/usecase/admincase.go:45.2,45.24 1 0
/Users/rollatgr/Documents/work/travel/aws_solutions/UCP/unified-profile-for-travellers-and-guests-on-aws/source/ucp-backend/src/business-logic/usecase/admincase.go:36.16,38.3 1 0
/Users/rollatgr/Documents/work/travel/aws_solutions/UCP/unified-profile-for-travellers-and-guests-on-aws/source/ucp-backend/src/business-logic/usecase/admincase.go:39.35,41.59 1 0
/Users/rollatgr/Documents/work/travel/aws_solutions/UCP/unified-profile-for-travellers-and-guests-on-aws/source/ucp-backend/src/business-logic/usecase/admincase.go:41.59,43.4 1 0
/Users/rollatgr/Documents/work/travel/aws_solutions/UCP/unified-profile-for-travellers-and-guests-on-aws/source/ucp-backend/src/business-logic/usecase/admincase.go:48.167,50.16 2 0
/Users/rollatgr/Documents/work/travel/aws_solutions/UCP/unified-profile-for-travellers-and-guests-on-aws/source/ucp-backend/src/business-logic/usecase/admincase.go:54.2,55.16 2 0
/Users/rollatgr/Documents/work/travel/aws_solutions/UCP/unified-profile-for-travellers-and-guests-on-aws/source/ucp-backend/src/business-logic/usecase/admincase.go:59.2,59.39 1 0
/Users/rollatgr/Documents/work/travel/aws_solutions/UCP/unified-profile-for-travellers-and-guests-on-aws/source/ucp-backend/src/business-logic/usecase/admincase.go:50.16,53.3 2 0
/Users/rollatgr/Documents/work/travel/aws_solutions/UCP/unified-profile-for-travellers-and-guests-on-aws/source/ucp-backend/src/business-logic/usecase/admincase.go:55.16,58.3 2 0
/Users/rollatgr/Documents/work/travel/aws_solutions/UCP/unified-profile-for-travellers-and-guests-on-aws/source/ucp-backend/src/business-logic/usecase/admincase.go:62.107,65.16 3 0
/Users/rollatgr/Documents/work/travel/aws_solutions/UCP/unified-profile-for-travellers-and-guests-on-aws/source/ucp-backend/src/business-logic/usecase/admincase.go:69.2,114.16 7 0
/Users/rollatgr/Documents/work/travel/aws_solutions/UCP/unified-profile-for-travellers-and-guests-on-aws/source/ucp-backend/src/business-logic/usecase/admincase.go:118.2,118.32 1 0
/Users/rollatgr/Documents/work/travel/aws_solutions/UCP/unified-profile-for-travellers-and-guests-on-aws/source/ucp-backend/src/business-logic/usecase/admincase.go:65.16,68.3 2 0
/Users/rollatgr/Documents/work/travel/aws_solutions/UCP/unified-profile-for-travellers-and-guests-on-aws/source/ucp-backend/src/business-logic/usecase/admincase.go:114.16,117.3 2 0
/Users/rollatgr/Documents/work/travel/aws_solutions/UCP/unified-profile-for-travellers-and-guests-on-aws/source/ucp-backend/src/business-logic/usecase/admincase.go:121.105,142.16 3 0
/Users/rollatgr/Documents/work/travel/aws_solutions/UCP/unified-profile-for-travellers-and-guests-on-aws/source/ucp-backend/src/business-logic/usecase/admincase.go:146.2,146.25 1 0
/Users/rollatgr/Documents/work/travel/aws_solutions/UCP/unified-profile-for-travellers-and-guests-on-aws/source/ucp-backend/src/business-logic/usecase/admincase.go:142.16,145.3 2 0
/Users/rollatgr/Documents/work/travel/aws_solutions/UCP/unified-profile-for-travellers-and-guests-on-aws/source/ucp-backend/src/business-logic/usecase/admincase.go:149.114,159.16 5 0
/Users/rollatgr/Documents/work/travel/aws_solutions/UCP/unified-profile-for-travellers-and-guests-on-aws/source/ucp-backend/src/business-logic/usecase/admincase.go:162.2,162.12 1 0
/Users/rollatgr/Documents/work/travel/aws_solutions/UCP/unified-profile-for-travellers-and-guests-on-aws/source/ucp-backend/src/business-logic/usecase/admincase.go:159.16,161.3 1 0
/Users/rollatgr/Documents/work/travel/aws_solutions/UCP/unified-profile-for-travellers-and-guests-on-aws/source/ucp-backend/src/business-logic/usecase/admincase.go:165.126,175.16 8 0
/Users/rollatgr/Documents/work/travel/aws_solutions/UCP/unified-profile-for-travellers-and-guests-on-aws/source/ucp-backend/src/business-logic/usecase/admincase.go:184.2,193.21 5 0
/Users/rollatgr/Documents/work/travel/aws_solutions/UCP/unified-profile-for-travellers-and-guests-on-aws/source/ucp-backend/src/business-logic/usecase/admincase.go:197.2,197.19 1 0
/Users/rollatgr/Documents/work/travel/aws_solutions/UCP/unified-profile-for-travellers-and-guests-on-aws/source/ucp-backend/src/business-logic/usecase/admincase.go:214.2,215.22 2 0
/Users/rollatgr/Documents/work/travel/aws_solutions/UCP/unified-profile-for-travellers-and-guests-on-aws/source/ucp-backend/src/business-logic/usecase/admincase.go:175.16,176.59 1 0
/Users/rollatgr/Documents/work/travel/aws_solutions/UCP/unified-profile-for-travellers-and-guests-on-aws/source/ucp-backend/src/business-logic/usecase/admincase.go:176.59,178.4 1 0
/Users/rollatgr/Documents/work/travel/aws_solutions/UCP/unified-profile-for-travellers-and-guests-on-aws/source/ucp-backend/src/business-logic/usecase/admincase.go:178.9,180.4 1 0
/Users/rollatgr/Documents/work/travel/aws_solutions/UCP/unified-profile-for-travellers-and-guests-on-aws/source/ucp-backend/src/business-logic/usecase/admincase.go:193.21,195.3 1 0
/Users/rollatgr/Documents/work/travel/aws_solutions/UCP/unified-profile-for-travellers-and-guests-on-aws/source/ucp-backend/src/business-logic/usecase/admincase.go:197.19,200.17 2 0
/Users/rollatgr/Documents/work/travel/aws_solutions/UCP/unified-profile-for-travellers-and-guests-on-aws/source/ucp-backend/src/business-logic/usecase/admincase.go:200.17,203.4 2 0
/Users/rollatgr/Documents/work/travel/aws_solutions/UCP/unified-profile-for-travellers-and-guests-on-aws/source/ucp-backend/src/business-logic/usecase/admincase.go:204.8,207.17 2 0
/Users/rollatgr/Documents/work/travel/aws_solutions/UCP/unified-profile-for-travellers-and-guests-on-aws/source/ucp-backend/src/business-logic/usecase/admincase.go:207.17,210.4 2 0
/Users/rollatgr/Documents/work/travel/aws_solutions/UCP/unified-profile-for-travellers-and-guests-on-aws/source/ucp-backend/src/business-logic/usecase/admincase.go:218.88,219.37 1 0
/Users/rollatgr/Documents/work/travel/aws_solutions/UCP/unified-profile-for-travellers-and-guests-on-aws/source/ucp-backend/src/business-logic/usecase/admincase.go:222.2,223.47 2 0
/Users/rollatgr/Documents/work/travel/aws_solutions/UCP/unified-profile-for-travellers-and-guests-on-aws/source/ucp-backend/src/business-logic/usecase/admincase.go:228.2,228.57 1 0
/Users/rollatgr/Documents/work/travel/aws_solutions/UCP/unified-profile-for-travellers-and-guests-on-aws/source/ucp-backend/src/business-logic/usecase/admincase.go:219.37,221.3 1 0
/Users/rollatgr/Documents/work/travel/aws_solutions/UCP/unified-profile-for-travellers-and-guests-on-aws/source/ucp-backend/src/business-logic/usecase/admincase.go:223.47,224.32 1 0
/Users/rollatgr/Documents/work/travel/aws_solutions/UCP/unified-profile-for-travellers-and-guests-on-aws/source/ucp-backend/src/business-logic/usecase/admincase.go:224.32,226.4 1 0
/Users/rollatgr/Documents/work/travel/aws_solutions/UCP/unified-profile-for-travellers-and-guests-on-aws/source/ucp-backend/src/business-logic/usecase/admincase.go:232.40,235.37 3 0
/Users/rollatgr/Documents/work/travel/aws_solutions/UCP/unified-profile-for-travellers-and-guests-on-aws/source/ucp-backend/src/business-logic/usecase/admincase.go:242.2,242.25 1 0
/Users/rollatgr/Documents/work/travel/aws_solutions/UCP/unified-profile-for-travellers-and-guests-on-aws/source/ucp-backend/src/business-logic/usecase/admincase.go:235.37,237.38 2 0
/Users/rollatgr/Documents/work/travel/aws_solutions/UCP/unified-profile-for-travellers-and-guests-on-aws/source/ucp-backend/src/business-logic/usecase/admincase.go:237.38,239.4 1 0
/Users/rollatgr/Documents/work/travel/aws_solutions/UCP/unified-profile-for-travellers-and-guests-on-aws/source/ucp-backend/src/business-logic/usecase/admincase.go:245.99,248.31 3 0
/Users/rollatgr/Documents/work/travel/aws_solutions/UCP/unified-profile-for-travellers-and-guests-on-aws/source/ucp-backend/src/business-logic/usecase/admincase.go:255.2,255.12 1 0
/Users/rollatgr/Documents/work/travel/aws_solutions/UCP/unified-profile-for-travellers-and-guests-on-aws/source/ucp-backend/src/business-logic/usecase/admincase.go:248.31,250.17 2 0
/Users/rollatgr/Documents/work/travel/aws_solutions/UCP/unified-profile-for-travellers-and-guests-on-aws/source/ucp-backend/src/business-logic/usecase/admincase.go:250.17,253.4 2 0
/Users/rollatgr/Documents/work/travel/aws_solutions/UCP/unified-profile-for-travellers-and-guests-on-aws/source/ucp-backend/src/business-logic/usecase/admincase.go:258.46,260.19 2 0
/Users/rollatgr/Documents/work/travel/aws_solutions/UCP/unified-profile-for-travellers-and-guests-on-aws/source/ucp-backend/src/business-logic/usecase/admincase.go:263.2,263.13 1 0
/Users/rollatgr/Documents/work/travel/aws_solutions/UCP/unified-profile-for-travellers-and-guests-on-aws/source/ucp-backend/src/business-logic/usecase/admincase.go:260.19,262.3 1 0
/Users/rollatgr/Documents/work/travel/aws_solutions/UCP/unified-profile-for-travellers-and-guests-on-aws/source/ucp-backend/src/business-logic/usecase/connectors.go:42.58,44.2 1 0
/Users/rollatgr/Documents/work/travel/aws_solutions/UCP/unified-profile-for-travellers-and-guests-on-aws/source/ucp-backend/src/business-logic/usecase/connectors.go:46.63,48.38 2 0
/Users/rollatgr/Documents/work/travel/aws_solutions/UCP/unified-profile-for-travellers-and-guests-on-aws/source/ucp-backend/src/business-logic/usecase/connectors.go:51.2,51.17 1 0
/Users/rollatgr/Documents/work/travel/aws_solutions/UCP/unified-profile-for-travellers-and-guests-on-aws/source/ucp-backend/src/business-logic/usecase/connectors.go:48.38,50.3 1 0
/Users/rollatgr/Documents/work/travel/aws_solutions/UCP/unified-profile-for-travellers-and-guests-on-aws/source/ucp-backend/src/business-logic/usecase/usecase.go:62.133,93.31 9 0
/Users/rollatgr/Documents/work/travel/aws_solutions/UCP/unified-profile-for-travellers-and-guests-on-aws/source/ucp-backend/src/business-logic/usecase/usecase.go:107.2,108.20 2 0
/Users/rollatgr/Documents/work/travel/aws_solutions/UCP/unified-profile-for-travellers-and-guests-on-aws/source/ucp-backend/src/business-logic/usecase/usecase.go:111.2,111.46 1 0
/Users/rollatgr/Documents/work/travel/aws_solutions/UCP/unified-profile-for-travellers-and-guests-on-aws/source/ucp-backend/src/business-logic/usecase/usecase.go:120.2,120.17 1 0
/Users/rollatgr/Documents/work/travel/aws_solutions/UCP/unified-profile-for-travellers-and-guests-on-aws/source/ucp-backend/src/business-logic/usecase/usecase.go:93.31,94.28 1 0
/Users/rollatgr/Documents/work/travel/aws_solutions/UCP/unified-profile-for-travellers-and-guests-on-aws/source/ucp-backend/src/business-logic/usecase/usecase.go:94.28,96.35 2 0
/Users/rollatgr/Documents/work/travel/aws_solutions/UCP/unified-profile-for-travellers-and-guests-on-aws/source/ucp-backend/src/business-logic/usecase/usecase.go:101.4,101.18 1 0
/Users/rollatgr/Documents/work/travel/aws_solutions/UCP/unified-profile-for-travellers-and-guests-on-aws/source/ucp-backend/src/business-logic/usecase/usecase.go:104.4,104.13 1 0
/Users/rollatgr/Documents/work/travel/aws_solutions/UCP/unified-profile-for-travellers-and-guests-on-aws/source/ucp-backend/src/business-logic/usecase/usecase.go:96.35,100.5 3 0
/Users/rollatgr/Documents/work/travel/aws_solutions/UCP/unified-profile-for-travellers-and-guests-on-aws/source/ucp-backend/src/business-logic/usecase/usecase.go:101.18,103.5 1 0
/Users/rollatgr/Documents/work/travel/aws_solutions/UCP/unified-profile-for-travellers-and-guests-on-aws/source/ucp-backend/src/business-logic/usecase/usecase.go:108.20,110.3 1 0
/Users/rollatgr/Documents/work/travel/aws_solutions/UCP/unified-profile-for-travellers-and-guests-on-aws/source/ucp-backend/src/business-logic/usecase/usecase.go:111.46,113.17 2 0
/Users/rollatgr/Documents/work/travel/aws_solutions/UCP/unified-profile-for-travellers-and-guests-on-aws/source/ucp-backend/src/business-logic/usecase/usecase.go:116.3,116.34 1 0
/Users/rollatgr/Documents/work/travel/aws_solutions/UCP/unified-profile-for-travellers-and-guests-on-aws/source/ucp-backend/src/business-logic/usecase/usecase.go:113.17,115.4 1 0
/Users/rollatgr/Documents/work/travel/aws_solutions/UCP/unified-profile-for-travellers-and-guests-on-aws/source/ucp-backend/src/business-logic/usecase/usecase.go:116.34,118.4 1 0
/Users/rollatgr/Documents/work/travel/aws_solutions/UCP/unified-profile-for-travellers-and-guests-on-aws/source/ucp-backend/src/business-logic/usecase/usecase.go:123.124,126.2 2 0
/Users/rollatgr/Documents/work/travel/aws_solutions/UCP/unified-profile-for-travellers-and-guests-on-aws/source/ucp-backend/src/business-logic/usecase/usecase.go:128.102,130.2 1 0
/Users/rollatgr/Documents/work/travel/aws_solutions/UCP/unified-profile-for-travellers-and-guests-on-aws/source/ucp-backend/src/business-logic/usecase/usecase.go:132.122,135.32 3 0
/Users/rollatgr/Documents/work/travel/aws_solutions/UCP/unified-profile-for-travellers-and-guests-on-aws/source/ucp-backend/src/business-logic/usecase/usecase.go:138.2,138.33 1 0
/Users/rollatgr/Documents/work/travel/aws_solutions/UCP/unified-profile-for-travellers-and-guests-on-aws/source/ucp-backend/src/business-logic/usecase/usecase.go:141.2,141.29 1 0
/Users/rollatgr/Documents/work/travel/aws_solutions/UCP/unified-profile-for-travellers-and-guests-on-aws/source/ucp-backend/src/business-logic/usecase/usecase.go:144.2,144.29 1 0
/Users/rollatgr/Documents/work/travel/aws_solutions/UCP/unified-profile-for-travellers-and-guests-on-aws/source/ucp-backend/src/business-logic/usecase/usecase.go:147.2,147.16 1 0
/Users/rollatgr/Documents/work/travel/aws_solutions/UCP/unified-profile-for-travellers-and-guests-on-aws/source/ucp-backend/src/business-logic/usecase/usecase.go:150.2,150.72 1 0
/Users/rollatgr/Documents/work/travel/aws_solutions/UCP/unified-profile-for-travellers-and-guests-on-aws/source/ucp-backend/src/business-logic/usecase/usecase.go:135.32,137.3 1 0
/Users/rollatgr/Documents/work/travel/aws_solutions/UCP/unified-profile-for-travellers-and-guests-on-aws/source/ucp-backend/src/business-logic/usecase/usecase.go:138.33,140.3 1 0
/Users/rollatgr/Documents/work/travel/aws_solutions/UCP/unified-profile-for-travellers-and-guests-on-aws/source/ucp-backend/src/business-logic/usecase/usecase.go:141.29,143.3 1 0
/Users/rollatgr/Documents/work/travel/aws_solutions/UCP/unified-profile-for-travellers-and-guests-on-aws/source/ucp-backend/src/business-logic/usecase/usecase.go:144.29,146.3 1 0
/Users/rollatgr/Documents/work/travel/aws_solutions/UCP/unified-profile-for-travellers-and-guests-on-aws/source/ucp-backend/src/business-logic/usecase/usecase.go:147.16,149.3 1 0
/Users/rollatgr/Documents/work/travel/aws_solutions/UCP/unified-profile-for-travellers-and-guests-on-aws/source/ucp-backend/src/business-logic/usecase/usecase.go:153.71,155.36 2 0
/Users/rollatgr/Documents/work/travel/aws_solutions/UCP/unified-profile-for-travellers-and-guests-on-aws/source/ucp-backend/src/business-logic/usecase/usecase.go:167.2,174.16 2 0
/Users/rollatgr/Documents/work/travel/aws_solutions/UCP/unified-profile-for-travellers-and-guests-on-aws/source/ucp-backend/src/business-logic/usecase/usecase.go:155.36,165.3 1 0
/Users/rollatgr/Documents/work/travel/aws_solutions/UCP/unified-profile-for-travellers-and-guests-on-aws/source/ucp-backend/src/business-logic/usecase/usecase.go:177.82,179.35 2 0
/Users/rollatgr/Documents/work/travel/aws_solutions/UCP/unified-profile-for-travellers-and-guests-on-aws/source/ucp-backend/src/business-logic/usecase/usecase.go:182.2,182.19 1 0
/Users/rollatgr/Documents/work/travel/aws_solutions/UCP/unified-profile-for-travellers-and-guests-on-aws/source/ucp-backend/src/business-logic/usecase/usecase.go:179.35,181.3 1 0
/Users/rollatgr/Documents/work/travel/aws_solutions/UCP/unified-profile-for-travellers-and-guests-on-aws/source/ucp-backend/src/business-logic/usecase/usecase.go:184.75,197.31 2 0
/Users/rollatgr/Documents/work/travel/aws_solutions/UCP/unified-profile-for-travellers-and-guests-on-aws/source/ucp-backend/src/business-logic/usecase/usecase.go:202.2,202.37 1 0
/Users/rollatgr/Documents/work/travel/aws_solutions/UCP/unified-profile-for-travellers-and-guests-on-aws/source/ucp-backend/src/business-logic/usecase/usecase.go:207.2,207.39 1 0
/Users/rollatgr/Documents/work/travel/aws_solutions/UCP/unified-profile-for-travellers-and-guests-on-aws/source/ucp-backend/src/business-logic/usecase/usecase.go:212.2,212.32 1 0
/Users/rollatgr/Documents/work/travel/aws_solutions/UCP/unified-profile-for-travellers-and-guests-on-aws/source/ucp-backend/src/business-logic/usecase/usecase.go:217.2,217.40 1 0
/Users/rollatgr/Documents/work/travel/aws_solutions/UCP/unified-profile-for-travellers-and-guests-on-aws/source/ucp-backend/src/business-logic/usecase/usecase.go:222.2,222.40 1 0
/Users/rollatgr/Documents/work/travel/aws_solutions/UCP/unified-profile-for-travellers-and-guests-on-aws/source/ucp-backend/src/business-logic/usecase/usecase.go:227.2,227.42 1 0
/Users/rollatgr/Documents/work/travel/aws_solutions/UCP/unified-profile-for-travellers-and-guests-on-aws/source/ucp-backend/src/business-logic/usecase/usecase.go:232.2,235.11 4 0
/Users/rollatgr/Documents/work/travel/aws_solutions/UCP/unified-profile-for-travellers-and-guests-on-aws/source/ucp-backend/src/business-logic/usecase/usecase.go:197.31,201.3 1 0
/Users/rollatgr/Documents/work/travel/aws_solutions/UCP/unified-profile-for-travellers-and-guests-on-aws/source/ucp-backend/src/business-logic/usecase/usecase.go:202.37,206.3 1 0
/Users/rollatgr/Documents/work/travel/aws_solutions/UCP/unified-profile-for-travellers-and-guests-on-aws/source/ucp-backend/src/business-logic/usecase/usecase.go:207.39,211.3 1 0
/Users/rollatgr/Documents/work/travel/aws_solutions/UCP/unified-profile-for-travellers-and-guests-on-aws/source/ucp-backend/src/business-logic/usecase/usecase.go:212.32,216.3 1 0
/Users/rollatgr/Documents/work/travel/aws_solutions/UCP/unified-profile-for-travellers-and-guests-on-aws/source/ucp-backend/src/business-logic/usecase/usecase.go:217.40,221.3 1 0
/Users/rollatgr/Documents/work/travel/aws_solutions/UCP/unified-profile-for-travellers-and-guests-on-aws/source/ucp-backend/src/business-logic/usecase/usecase.go:222.40,226.3 1 0
/Users/rollatgr/Documents/work/travel/aws_solutions/UCP/unified-profile-for-travellers-and-guests-on-aws/source/ucp-backend/src/business-logic/usecase/usecase.go:227.42,231.3 1 0
/Users/rollatgr/Documents/work/travel/aws_solutions/UCP/unified-profile-for-travellers-and-guests-on-aws/source/ucp-backend/src/business-logic/usecase/usecase.go:238.77,240.31 2 0
/Users/rollatgr/Documents/work/travel/aws_solutions/UCP/unified-profile-for-travellers-and-guests-on-aws/source/ucp-backend/src/business-logic/usecase/usecase.go:253.2,253.17 1 0
/Users/rollatgr/Documents/work/travel/aws_solutions/UCP/unified-profile-for-travellers-and-guests-on-aws/source/ucp-backend/src/business-logic/usecase/usecase.go:240.31,241.67 1 0
/Users/rollatgr/Documents/work/travel/aws_solutions/UCP/unified-profile-for-travellers-and-guests-on-aws/source/ucp-backend/src/business-logic/usecase/usecase.go:241.67,251.4 2 0
/Users/rollatgr/Documents/work/travel/aws_solutions/UCP/unified-profile-for-travellers-and-guests-on-aws/source/ucp-backend/src/business-logic/usecase/usecase.go:256.100,258.31 2 0
/Users/rollatgr/Documents/work/travel/aws_solutions/UCP/unified-profile-for-travellers-and-guests-on-aws/source/ucp-backend/src/business-logic/usecase/usecase.go:273.2,273.17 1 0
/Users/rollatgr/Documents/work/travel/aws_solutions/UCP/unified-profile-for-travellers-and-guests-on-aws/source/ucp-backend/src/business-logic/usecase/usecase.go:258.31,261.69 1 0
/Users/rollatgr/Documents/work/travel/aws_solutions/UCP/unified-profile-for-travellers-and-guests-on-aws/source/ucp-backend/src/business-logic/usecase/usecase.go:261.69,271.4 2 0
/Users/rollatgr/Documents/work/travel/aws_solutions/UCP/unified-profile-for-travellers-and-guests-on-aws/source/ucp-backend/src/business-logic/usecase/usecase.go:276.95,278.31 2 0
/Users/rollatgr/Documents/work/travel/aws_solutions/UCP/unified-profile-for-travellers-and-guests-on-aws/source/ucp-backend/src/business-logic/usecase/usecase.go:298.2,298.17 1 0
/Users/rollatgr/Documents/work/travel/aws_solutions/UCP/unified-profile-for-travellers-and-guests-on-aws/source/ucp-backend/src/business-logic/usecase/usecase.go:278.31,279.78 1 0
/Users/rollatgr/Documents/work/travel/aws_solutions/UCP/unified-profile-for-travellers-and-guests-on-aws/source/ucp-backend/src/business-logic/usecase/usecase.go:279.78,295.4 2 0
/Users/rollatgr/Documents/work/travel/aws_solutions/UCP/unified-profile-for-travellers-and-guests-on-aws/source/ucp-backend/src/business-logic/usecase/usecase.go:301.39,303.16 2 0
/Users/rollatgr/Documents/work/travel/aws_solutions/UCP/unified-profile-for-travellers-and-guests-on-aws/source/ucp-backend/src/business-logic/usecase/usecase.go:307.2,307.15 1 0
/Users/rollatgr/Documents/work/travel/aws_solutions/UCP/unified-profile-for-travellers-and-guests-on-aws/source/ucp-backend/src/business-logic/usecase/usecase.go:303.16,306.3 2 0
/Users/rollatgr/Documents/work/travel/aws_solutions/UCP/unified-profile-for-travellers-and-guests-on-aws/source/ucp-backend/src/business-logic/usecase/usecase.go:310.35,312.16 2 0
/Users/rollatgr/Documents/work/travel/aws_solutions/UCP/unified-profile-for-travellers-and-guests-on-aws/source/ucp-backend/src/business-logic/usecase/usecase.go:316.2,316.15 1 0
/Users/rollatgr/Documents/work/travel/aws_solutions/UCP/unified-profile-for-travellers-and-guests-on-aws/source/ucp-backend/src/business-logic/usecase/usecase.go:312.16,315.3 2 0
/Users/rollatgr/Documents/work/travel/aws_solutions/UCP/unified-profile-for-travellers-and-guests-on-aws/source/ucp-backend/src/business-logic/usecase/usecase.go:319.51,321.16 2 0
/Users/rollatgr/Documents/work/travel/aws_solutions/UCP/unified-profile-for-travellers-and-guests-on-aws/source/ucp-backend/src/business-logic/usecase/usecase.go:325.2,325.15 1 0
/Users/rollatgr/Documents/work/travel/aws_solutions/UCP/unified-profile-for-travellers-and-guests-on-aws/source/ucp-backend/src/business-logic/usecase/usecase.go:321.16,324.3 2 0
/Users/rollatgr/Documents/work/travel/aws_solutions/UCP/unified-profile-for-travellers-and-guests-on-aws/source/ucp-backend/src/business-logic/usecase/usecase.go:328.123,330.16 2 0
/Users/rollatgr/Documents/work/travel/aws_solutions/UCP/unified-profile-for-travellers-and-guests-on-aws/source/ucp-backend/src/business-logic/usecase/usecase.go:333.2,339.17 3 0
/Users/rollatgr/Documents/work/travel/aws_solutions/UCP/unified-profile-for-travellers-and-guests-on-aws/source/ucp-backend/src/business-logic/usecase/usecase.go:342.2,345.17 3 0
/Users/rollatgr/Documents/work/travel/aws_solutions/UCP/unified-profile-for-travellers-and-guests-on-aws/source/ucp-backend/src/business-logic/usecase/usecase.go:348.2,350.91 2 0
/Users/rollatgr/Documents/work/travel/aws_solutions/UCP/unified-profile-for-travellers-and-guests-on-aws/source/ucp-backend/src/business-logic/usecase/usecase.go:330.16,332.3 1 0
/Users/rollatgr/Documents/work/travel/aws_solutions/UCP/unified-profile-for-travellers-and-guests-on-aws/source/ucp-backend/src/business-logic/usecase/usecase.go:339.17,341.3 1 0
/Users/rollatgr/Documents/work/travel/aws_solutions/UCP/unified-profile-for-travellers-and-guests-on-aws/source/ucp-backend/src/business-logic/usecase/usecase.go:345.17,347.3 1 0
/Users/rollatgr/Documents/work/travel/aws_solutions/UCP/unified-profile-for-travellers-and-guests-on-aws/source/ucp-backend/src/business-logic/usecase/usecase.go:353.96,355.41 2 0
/Users/rollatgr/Documents/work/travel/aws_solutions/UCP/unified-profile-for-travellers-and-guests-on-aws/source/ucp-backend/src/business-logic/usecase/usecase.go:367.2,367.21 1 0
/Users/rollatgr/Documents/work/travel/aws_solutions/UCP/unified-profile-for-travellers-and-guests-on-aws/source/ucp-backend/src/business-logic/usecase/usecase.go:355.41,366.3 1 0
/Users/rollatgr/Documents/work/travel/aws_solutions/UCP/unified-profile-for-travellers-and-guests-on-aws/source/ucp-backend/src/business-logic/usecase/usecase.go:370.120,372.16 2 0
/Users/rollatgr/Documents/work/travel/aws_solutions/UCP/unified-profile-for-travellers-and-guests-on-aws/source/ucp-backend/src/business-logic/usecase/usecase.go:375.2,376.37 2 0
/Users/rollatgr/Documents/work/travel/aws_solutions/UCP/unified-profile-for-travellers-and-guests-on-aws/source/ucp-backend/src/business-logic/usecase/usecase.go:385.2,385.76 1 0
/Users/rollatgr/Documents/work/travel/aws_solutions/UCP/unified-profile-for-travellers-and-guests-on-aws/source/ucp-backend/src/business-logic/usecase/usecase.go:372.16,374.3 1 0
/Users/rollatgr/Documents/work/travel/aws_solutions/UCP/unified-profile-for-travellers-and-guests-on-aws/source/ucp-backend/src/business-logic/usecase/usecase.go:376.37,377.50 1 0
/Users/rollatgr/Documents/work/travel/aws_solutions/UCP/unified-profile-for-travellers-and-guests-on-aws/source/ucp-backend/src/business-logic/usecase/usecase.go:377.50,383.4 1 0
/Users/rollatgr/Documents/work/travel/aws_solutions/UCP/unified-profile-for-travellers-and-guests-on-aws/source/ucp-backend/src/business-logic/usecase/usecase.go:388.190,390.16 2 1
/Users/rollatgr/Documents/work/travel/aws_solutions/UCP/unified-profile-for-travellers-and-guests-on-aws/source/ucp-backend/src/business-logic/usecase/usecase.go:394.2,403.39 2 1
/Users/rollatgr/Documents/work/travel/aws_solutions/UCP/unified-profile-for-travellers-and-guests-on-aws/source/ucp-backend/src/business-logic/usecase/usecase.go:420.2,420.32 1 1
/Users/rollatgr/Documents/work/travel/aws_solutions/UCP/unified-profile-for-travellers-and-guests-on-aws/source/ucp-backend/src/business-logic/usecase/usecase.go:390.16,392.3 1 0
/Users/rollatgr/Documents/work/travel/aws_solutions/UCP/unified-profile-for-travellers-and-guests-on-aws/source/ucp-backend/src/business-logic/usecase/usecase.go:403.39,406.17 2 1
/Users/rollatgr/Documents/work/travel/aws_solutions/UCP/unified-profile-for-travellers-and-guests-on-aws/source/ucp-backend/src/business-logic/usecase/usecase.go:414.3,415.18 2 1
/Users/rollatgr/Documents/work/travel/aws_solutions/UCP/unified-profile-for-travellers-and-guests-on-aws/source/ucp-backend/src/business-logic/usecase/usecase.go:406.17,409.19 3 0
/Users/rollatgr/Documents/work/travel/aws_solutions/UCP/unified-profile-for-travellers-and-guests-on-aws/source/ucp-backend/src/business-logic/usecase/usecase.go:412.4,412.34 1 0
/Users/rollatgr/Documents/work/travel/aws_solutions/UCP/unified-profile-for-travellers-and-guests-on-aws/source/ucp-backend/src/business-logic/usecase/usecase.go:409.19,411.5 1 0
/Users/rollatgr/Documents/work/travel/aws_solutions/UCP/unified-profile-for-travellers-and-guests-on-aws/source/ucp-backend/src/business-logic/usecase/usecase.go:415.18,418.4 2 0
/Users/rollatgr/Documents/work/travel/aws_solutions/UCP/unified-profile-for-travellers-and-guests-on-aws/source/ucp-backend/src/business-logic/usecase/usecase.go:423.121,426.2 2 1
/Users/rollatgr/Documents/work/travel/aws_solutions/UCP/unified-profile-for-travellers-and-guests-on-aws/source/ucp-backend/src/business-logic/usecase/usecase.go:428.92,430.49 2 0
/Users/rollatgr/Documents/work/travel/aws_solutions/UCP/unified-profile-for-travellers-and-guests-on-aws/source/ucp-backend/src/business-logic/usecase/usecase.go:433.2,433.22 1 0
/Users/rollatgr/Documents/work/travel/aws_solutions/UCP/unified-profile-for-travellers-and-guests-on-aws/source/ucp-backend/src/business-logic/usecase/usecase.go:430.49,432.3 1 0
/Users/rollatgr/Documents/work/travel/aws_solutions/UCP/unified-profile-for-travellers-and-guests-on-aws/source/ucp-backend/src/business-logic/usecase/usecase.go:435.86,440.2 1 0
/Users/rollatgr/Documents/work/travel/aws_solutions/UCP/unified-profile-for-travellers-and-guests-on-aws/source/ucp-backend/src/business-logic/usecase/usecase.go:441.95,443.49 2 0
/Users/rollatgr/Documents/work/travel/aws_solutions/UCP/unified-profile-for-travellers-and-guests-on-aws/source/ucp-backend/src/business-logic/usecase/usecase.go:446.2,446.22 1 0
/Users/rollatgr/Documents/work/travel/aws_solutions/UCP/unified-profile-for-travellers-and-guests-on-aws/source/ucp-backend/src/business-logic/usecase/usecase.go:443.49,445.3 1 0
/Users/rollatgr/Documents/work/travel/aws_solutions/UCP/unified-profile-for-travellers-and-guests-on-aws/source/ucp-backend/src/business-logic/usecase/usecase.go:448.90,454.2 1 0
/Users/rollatgr/Documents/work/travel/aws_solutions/UCP/unified-profile-for-travellers-and-guests-on-aws/source/ucp-backend/src/business-logic/usecase/usecase.go:456.68,458.2 1 0
/Users/rollatgr/Documents/work/travel/aws_solutions/UCP/unified-profile-for-travellers-and-guests-on-aws/source/ucp-backend/src/business-logic/usecase/usecase.go:459.127,461.16 2 0
/Users/rollatgr/Documents/work/travel/aws_solutions/UCP/unified-profile-for-travellers-and-guests-on-aws/source/ucp-backend/src/business-logic/usecase/usecase.go:464.2,465.30 2 0
/Users/rollatgr/Documents/work/travel/aws_solutions/UCP/unified-profile-for-travellers-and-guests-on-aws/source/ucp-backend/src/business-logic/usecase/usecase.go:471.2,471.84 1 0
/Users/rollatgr/Documents/work/travel/aws_solutions/UCP/unified-profile-for-travellers-and-guests-on-aws/source/ucp-backend/src/business-logic/usecase/usecase.go:461.16,463.3 1 0
/Users/rollatgr/Documents/work/travel/aws_solutions/UCP/unified-profile-for-travellers-and-guests-on-aws/source/ucp-backend/src/business-logic/usecase/usecase.go:465.30,470.3 1 0
