mode: set
/Users/rollatgr/Documents/work/travel/aws_solutions/UCP/unified-profile-for-travellers-and-guests-on-aws/source/ucp-backend/src/business-logic/validator/validator.go:20.102,23.2 2 0
/Users/rollatgr/Documents/work/travel/aws_solutions/UCP/unified-profile-for-travellers-and-guests-on-aws/source/ucp-backend/src/business-logic/validator/validator.go:25.188,30.19 5 1
/Users/rollatgr/Documents/work/travel/aws_solutions/UCP/unified-profile-for-travellers-and-guests-on-aws/source/ucp-backend/src/business-logic/validator/validator.go:33.2,36.16 3 1
/Users/rollatgr/Documents/work/travel/aws_solutions/UCP/unified-profile-for-travellers-and-guests-on-aws/source/ucp-backend/src/business-logic/validator/validator.go:39.2,44.33 6 1
/Users/rollatgr/Documents/work/travel/aws_solutions/UCP/unified-profile-for-travellers-and-guests-on-aws/source/ucp-backend/src/business-logic/validator/validator.go:59.2,60.20 2 1
/Users/rollatgr/Documents/work/travel/aws_solutions/UCP/unified-profile-for-travellers-and-guests-on-aws/source/ucp-backend/src/business-logic/validator/validator.go:63.2,63.33 1 1
/Users/rollatgr/Documents/work/travel/aws_solutions/UCP/unified-profile-for-travellers-and-guests-on-aws/source/ucp-backend/src/business-logic/validator/validator.go:30.19,32.3 1 0
/Users/rollatgr/Documents/work/travel/aws_solutions/UCP/unified-profile-for-travellers-and-guests-on-aws/source/ucp-backend/src/business-logic/validator/validator.go:36.16,38.3 1 0
/Users/rollatgr/Documents/work/travel/aws_solutions/UCP/unified-profile-for-travellers-and-guests-on-aws/source/ucp-backend/src/business-logic/validator/validator.go:44.33,45.26 1 1
/Users/rollatgr/Documents/work/travel/aws_solutions/UCP/unified-profile-for-travellers-and-guests-on-aws/source/ucp-backend/src/business-logic/validator/validator.go:45.26,48.35 3 1
/Users/rollatgr/Documents/work/travel/aws_solutions/UCP/unified-profile-for-travellers-and-guests-on-aws/source/ucp-backend/src/business-logic/validator/validator.go:53.4,53.18 1 1
/Users/rollatgr/Documents/work/travel/aws_solutions/UCP/unified-profile-for-travellers-and-guests-on-aws/source/ucp-backend/src/business-logic/validator/validator.go:56.4,56.13 1 1
/Users/rollatgr/Documents/work/travel/aws_solutions/UCP/unified-profile-for-travellers-and-guests-on-aws/source/ucp-backend/src/business-logic/validator/validator.go:48.35,52.5 3 1
/Users/rollatgr/Documents/work/travel/aws_solutions/UCP/unified-profile-for-travellers-and-guests-on-aws/source/ucp-backend/src/business-logic/validator/validator.go:53.18,55.5 1 0
/Users/rollatgr/Documents/work/travel/aws_solutions/UCP/unified-profile-for-travellers-and-guests-on-aws/source/ucp-backend/src/business-logic/validator/validator.go:60.20,62.3 1 0
/Users/rollatgr/Documents/work/travel/aws_solutions/UCP/unified-profile-for-travellers-and-guests-on-aws/source/ucp-backend/src/business-logic/validator/validator.go:66.159,69.17 3 1
/Users/rollatgr/Documents/work/travel/aws_solutions/UCP/unified-profile-for-travellers-and-guests-on-aws/source/ucp-backend/src/business-logic/validator/validator.go:72.2,72.19 1 1
/Users/rollatgr/Documents/work/travel/aws_solutions/UCP/unified-profile-for-travellers-and-guests-on-aws/source/ucp-backend/src/business-logic/validator/validator.go:88.2,89.17 2 1
/Users/rollatgr/Documents/work/travel/aws_solutions/UCP/unified-profile-for-travellers-and-guests-on-aws/source/ucp-backend/src/business-logic/validator/validator.go:92.2,92.33 1 1
/Users/rollatgr/Documents/work/travel/aws_solutions/UCP/unified-profile-for-travellers-and-guests-on-aws/source/ucp-backend/src/business-logic/validator/validator.go:95.2,95.36 1 1
/Users/rollatgr/Documents/work/travel/aws_solutions/UCP/unified-profile-for-travellers-and-guests-on-aws/source/ucp-backend/src/business-logic/validator/validator.go:104.2,104.33 1 1
/Users/rollatgr/Documents/work/travel/aws_solutions/UCP/unified-profile-for-travellers-and-guests-on-aws/source/ucp-backend/src/business-logic/validator/validator.go:69.17,71.3 1 0
/Users/rollatgr/Documents/work/travel/aws_solutions/UCP/unified-profile-for-travellers-and-guests-on-aws/source/ucp-backend/src/business-logic/validator/validator.go:72.19,87.3 2 0
/Users/rollatgr/Documents/work/travel/aws_solutions/UCP/unified-profile-for-travellers-and-guests-on-aws/source/ucp-backend/src/business-logic/validator/validator.go:89.17,91.3 1 0
/Users/rollatgr/Documents/work/travel/aws_solutions/UCP/unified-profile-for-travellers-and-guests-on-aws/source/ucp-backend/src/business-logic/validator/validator.go:92.33,94.3 1 0
/Users/rollatgr/Documents/work/travel/aws_solutions/UCP/unified-profile-for-travellers-and-guests-on-aws/source/ucp-backend/src/business-logic/validator/validator.go:95.36,97.18 2 1
/Users/rollatgr/Documents/work/travel/aws_solutions/UCP/unified-profile-for-travellers-and-guests-on-aws/source/ucp-backend/src/business-logic/validator/validator.go:100.3,100.34 1 1
/Users/rollatgr/Documents/work/travel/aws_solutions/UCP/unified-profile-for-travellers-and-guests-on-aws/source/ucp-backend/src/business-logic/validator/validator.go:97.18,99.4 1 0
/Users/rollatgr/Documents/work/travel/aws_solutions/UCP/unified-profile-for-travellers-and-guests-on-aws/source/ucp-backend/src/business-logic/validator/validator.go:100.34,102.4 1 1
/Users/rollatgr/Documents/work/travel/aws_solutions/UCP/unified-profile-for-travellers-and-guests-on-aws/source/ucp-backend/src/business-logic/validator/validator.go:107.165,114.43 7 1
/Users/rollatgr/Documents/work/travel/aws_solutions/UCP/unified-profile-for-travellers-and-guests-on-aws/source/ucp-backend/src/business-logic/validator/validator.go:118.2,119.35 2 1
/Users/rollatgr/Documents/work/travel/aws_solutions/UCP/unified-profile-for-travellers-and-guests-on-aws/source/ucp-backend/src/business-logic/validator/validator.go:137.2,138.41 2 1
/Users/rollatgr/Documents/work/travel/aws_solutions/UCP/unified-profile-for-travellers-and-guests-on-aws/source/ucp-backend/src/business-logic/validator/validator.go:151.2,152.51 2 1
/Users/rollatgr/Documents/work/travel/aws_solutions/UCP/unified-profile-for-travellers-and-guests-on-aws/source/ucp-backend/src/business-logic/validator/validator.go:164.2,164.49 1 1
/Users/rollatgr/Documents/work/travel/aws_solutions/UCP/unified-profile-for-travellers-and-guests-on-aws/source/ucp-backend/src/business-logic/validator/validator.go:176.2,176.53 1 1
/Users/rollatgr/Documents/work/travel/aws_solutions/UCP/unified-profile-for-travellers-and-guests-on-aws/source/ucp-backend/src/business-logic/validator/validator.go:188.2,188.21 1 1
/Users/rollatgr/Documents/work/travel/aws_solutions/UCP/unified-profile-for-travellers-and-guests-on-aws/source/ucp-backend/src/business-logic/validator/validator.go:114.43,117.3 2 1
/Users/rollatgr/Documents/work/travel/aws_solutions/UCP/unified-profile-for-travellers-and-guests-on-aws/source/ucp-backend/src/business-logic/validator/validator.go:119.35,121.28 2 1
/Users/rollatgr/Documents/work/travel/aws_solutions/UCP/unified-profile-for-travellers-and-guests-on-aws/source/ucp-backend/src/business-logic/validator/validator.go:124.3,124.35 1 1
/Users/rollatgr/Documents/work/travel/aws_solutions/UCP/unified-profile-for-travellers-and-guests-on-aws/source/ucp-backend/src/business-logic/validator/validator.go:121.28,123.4 1 0
/Users/rollatgr/Documents/work/travel/aws_solutions/UCP/unified-profile-for-travellers-and-guests-on-aws/source/ucp-backend/src/business-logic/validator/validator.go:124.35,135.4 1 0
/Users/rollatgr/Documents/work/travel/aws_solutions/UCP/unified-profile-for-travellers-and-guests-on-aws/source/ucp-backend/src/business-logic/validator/validator.go:138.41,139.25 1 1
/Users/rollatgr/Documents/work/travel/aws_solutions/UCP/unified-profile-for-travellers-and-guests-on-aws/source/ucp-backend/src/business-logic/validator/validator.go:139.25,149.4 1 0
/Users/rollatgr/Documents/work/travel/aws_solutions/UCP/unified-profile-for-travellers-and-guests-on-aws/source/ucp-backend/src/business-logic/validator/validator.go:152.51,163.3 1 0
/Users/rollatgr/Documents/work/travel/aws_solutions/UCP/unified-profile-for-travellers-and-guests-on-aws/source/ucp-backend/src/business-logic/validator/validator.go:164.49,175.3 1 0
/Users/rollatgr/Documents/work/travel/aws_solutions/UCP/unified-profile-for-travellers-and-guests-on-aws/source/ucp-backend/src/business-logic/validator/validator.go:176.53,187.3 1 0
/Users/rollatgr/Documents/work/travel/aws_solutions/UCP/unified-profile-for-travellers-and-guests-on-aws/source/ucp-backend/src/business-logic/validator/validator.go:191.190,196.38 5 1
/Users/rollatgr/Documents/work/travel/aws_solutions/UCP/unified-profile-for-travellers-and-guests-on-aws/source/ucp-backend/src/business-logic/validator/validator.go:248.2,248.21 1 1
/Users/rollatgr/Documents/work/travel/aws_solutions/UCP/unified-profile-for-travellers-and-guests-on-aws/source/ucp-backend/src/business-logic/validator/validator.go:196.38,197.81 1 1
/Users/rollatgr/Documents/work/travel/aws_solutions/UCP/unified-profile-for-travellers-and-guests-on-aws/source/ucp-backend/src/business-logic/validator/validator.go:209.3,209.79 1 1
/Users/rollatgr/Documents/work/travel/aws_solutions/UCP/unified-profile-for-travellers-and-guests-on-aws/source/ucp-backend/src/business-logic/validator/validator.go:221.3,221.83 1 1
/Users/rollatgr/Documents/work/travel/aws_solutions/UCP/unified-profile-for-travellers-and-guests-on-aws/source/ucp-backend/src/business-logic/validator/validator.go:233.3,233.42 1 1
/Users/rollatgr/Documents/work/travel/aws_solutions/UCP/unified-profile-for-travellers-and-guests-on-aws/source/ucp-backend/src/business-logic/validator/validator.go:197.81,208.4 1 1
/Users/rollatgr/Documents/work/travel/aws_solutions/UCP/unified-profile-for-travellers-and-guests-on-aws/source/ucp-backend/src/business-logic/validator/validator.go:209.79,220.4 1 1
/Users/rollatgr/Documents/work/travel/aws_solutions/UCP/unified-profile-for-travellers-and-guests-on-aws/source/ucp-backend/src/business-logic/validator/validator.go:221.83,232.4 1 1
/Users/rollatgr/Documents/work/travel/aws_solutions/UCP/unified-profile-for-travellers-and-guests-on-aws/source/ucp-backend/src/business-logic/validator/validator.go:233.42,234.55 1 1
/Users/rollatgr/Documents/work/travel/aws_solutions/UCP/unified-profile-for-travellers-and-guests-on-aws/source/ucp-backend/src/business-logic/validator/validator.go:234.55,245.5 1 1
/Users/rollatgr/Documents/work/travel/aws_solutions/UCP/unified-profile-for-travellers-and-guests-on-aws/source/ucp-backend/src/business-logic/validator/validator.go:251.91,252.35 1 1
/Users/rollatgr/Documents/work/travel/aws_solutions/UCP/unified-profile-for-travellers-and-guests-on-aws/source/ucp-backend/src/business-logic/validator/validator.go:259.2,259.11 1 0
/Users/rollatgr/Documents/work/travel/aws_solutions/UCP/unified-profile-for-travellers-and-guests-on-aws/source/ucp-backend/src/business-logic/validator/validator.go:252.35,253.41 1 1
/Users/rollatgr/Documents/work/travel/aws_solutions/UCP/unified-profile-for-travellers-and-guests-on-aws/source/ucp-backend/src/business-logic/validator/validator.go:253.41,254.26 1 1
/Users/rollatgr/Documents/work/travel/aws_solutions/UCP/unified-profile-for-travellers-and-guests-on-aws/source/ucp-backend/src/business-logic/validator/validator.go:254.26,256.5 1 1
/Users/rollatgr/Documents/work/travel/aws_solutions/UCP/unified-profile-for-travellers-and-guests-on-aws/source/ucp-backend/src/business-logic/validator/validator.go:262.49,264.20 2 1
/Users/rollatgr/Documents/work/travel/aws_solutions/UCP/unified-profile-for-travellers-and-guests-on-aws/source/ucp-backend/src/business-logic/validator/validator.go:267.2,267.17 1 1
/Users/rollatgr/Documents/work/travel/aws_solutions/UCP/unified-profile-for-travellers-and-guests-on-aws/source/ucp-backend/src/business-logic/validator/validator.go:264.20,266.3 1 0
/Users/rollatgr/Documents/work/travel/aws_solutions/UCP/unified-profile-for-travellers-and-guests-on-aws/source/ucp-backend/src/business-logic/validator/validator.go:271.44,273.20 2 1
/Users/rollatgr/Documents/work/travel/aws_solutions/UCP/unified-profile-for-travellers-and-guests-on-aws/source/ucp-backend/src/business-logic/validator/validator.go:276.2,276.17 1 1
/Users/rollatgr/Documents/work/travel/aws_solutions/UCP/unified-profile-for-travellers-and-guests-on-aws/source/ucp-backend/src/business-logic/validator/validator.go:273.20,275.3 1 0
