mode: set
/Users/rollatgr/Documents/work/travel/aws_solutions/UCP/unified-profile-for-travellers-and-guests-on-aws/source/ucp-backend/src/business-logic/usecase/usecase.go:49.124,52.2 2 0
/Users/rollatgr/Documents/work/travel/aws_solutions/UCP/unified-profile-for-travellers-and-guests-on-aws/source/ucp-backend/src/business-logic/usecase/usecase.go:54.102,56.2 1 0
/Users/rollatgr/Documents/work/travel/aws_solutions/UCP/unified-profile-for-travellers-and-guests-on-aws/source/ucp-backend/src/business-logic/usecase/usecase.go:58.122,61.32 3 0
/Users/rollatgr/Documents/work/travel/aws_solutions/UCP/unified-profile-for-travellers-and-guests-on-aws/source/ucp-backend/src/business-logic/usecase/usecase.go:64.2,64.33 1 0
/Users/rollatgr/Documents/work/travel/aws_solutions/UCP/unified-profile-for-travellers-and-guests-on-aws/source/ucp-backend/src/business-logic/usecase/usecase.go:67.2,67.29 1 0
/Users/rollatgr/Documents/work/travel/aws_solutions/UCP/unified-profile-for-travellers-and-guests-on-aws/source/ucp-backend/src/business-logic/usecase/usecase.go:70.2,70.29 1 0
/Users/rollatgr/Documents/work/travel/aws_solutions/UCP/unified-profile-for-travellers-and-guests-on-aws/source/ucp-backend/src/business-logic/usecase/usecase.go:73.2,73.16 1 0
/Users/rollatgr/Documents/work/travel/aws_solutions/UCP/unified-profile-for-travellers-and-guests-on-aws/source/ucp-backend/src/business-logic/usecase/usecase.go:76.2,76.72 1 0
/Users/rollatgr/Documents/work/travel/aws_solutions/UCP/unified-profile-for-travellers-and-guests-on-aws/source/ucp-backend/src/business-logic/usecase/usecase.go:61.32,63.3 1 0
/Users/rollatgr/Documents/work/travel/aws_solutions/UCP/unified-profile-for-travellers-and-guests-on-aws/source/ucp-backend/src/business-logic/usecase/usecase.go:64.33,66.3 1 0
/Users/rollatgr/Documents/work/travel/aws_solutions/UCP/unified-profile-for-travellers-and-guests-on-aws/source/ucp-backend/src/business-logic/usecase/usecase.go:67.29,69.3 1 0
/Users/rollatgr/Documents/work/travel/aws_solutions/UCP/unified-profile-for-travellers-and-guests-on-aws/source/ucp-backend/src/business-logic/usecase/usecase.go:70.29,72.3 1 0
/Users/rollatgr/Documents/work/travel/aws_solutions/UCP/unified-profile-for-travellers-and-guests-on-aws/source/ucp-backend/src/business-logic/usecase/usecase.go:73.16,75.3 1 0
/Users/rollatgr/Documents/work/travel/aws_solutions/UCP/unified-profile-for-travellers-and-guests-on-aws/source/ucp-backend/src/business-logic/usecase/usecase.go:79.71,81.36 2 0
/Users/rollatgr/Documents/work/travel/aws_solutions/UCP/unified-profile-for-travellers-and-guests-on-aws/source/ucp-backend/src/business-logic/usecase/usecase.go:93.2,100.16 2 0
/Users/rollatgr/Documents/work/travel/aws_solutions/UCP/unified-profile-for-travellers-and-guests-on-aws/source/ucp-backend/src/business-logic/usecase/usecase.go:81.36,91.3 1 0
/Users/rollatgr/Documents/work/travel/aws_solutions/UCP/unified-profile-for-travellers-and-guests-on-aws/source/ucp-backend/src/business-logic/usecase/usecase.go:103.82,105.35 2 0
/Users/rollatgr/Documents/work/travel/aws_solutions/UCP/unified-profile-for-travellers-and-guests-on-aws/source/ucp-backend/src/business-logic/usecase/usecase.go:108.2,108.19 1 0
/Users/rollatgr/Documents/work/travel/aws_solutions/UCP/unified-profile-for-travellers-and-guests-on-aws/source/ucp-backend/src/business-logic/usecase/usecase.go:105.35,107.3 1 0
/Users/rollatgr/Documents/work/travel/aws_solutions/UCP/unified-profile-for-travellers-and-guests-on-aws/source/ucp-backend/src/business-logic/usecase/usecase.go:110.75,123.31 2 0
/Users/rollatgr/Documents/work/travel/aws_solutions/UCP/unified-profile-for-travellers-and-guests-on-aws/source/ucp-backend/src/business-logic/usecase/usecase.go:128.2,128.37 1 0
/Users/rollatgr/Documents/work/travel/aws_solutions/UCP/unified-profile-for-travellers-and-guests-on-aws/source/ucp-backend/src/business-logic/usecase/usecase.go:133.2,133.39 1 0
/Users/rollatgr/Documents/work/travel/aws_solutions/UCP/unified-profile-for-travellers-and-guests-on-aws/source/ucp-backend/src/business-logic/usecase/usecase.go:138.2,138.32 1 0
/Users/rollatgr/Documents/work/travel/aws_solutions/UCP/unified-profile-for-travellers-and-guests-on-aws/source/ucp-backend/src/business-logic/usecase/usecase.go:143.2,143.40 1 0
/Users/rollatgr/Documents/work/travel/aws_solutions/UCP/unified-profile-for-travellers-and-guests-on-aws/source/ucp-backend/src/business-logic/usecase/usecase.go:148.2,148.40 1 0
/Users/rollatgr/Documents/work/travel/aws_solutions/UCP/unified-profile-for-travellers-and-guests-on-aws/source/ucp-backend/src/business-logic/usecase/usecase.go:153.2,153.42 1 0
/Users/rollatgr/Documents/work/travel/aws_solutions/UCP/unified-profile-for-travellers-and-guests-on-aws/source/ucp-backend/src/business-logic/usecase/usecase.go:158.2,161.11 4 0
/Users/rollatgr/Documents/work/travel/aws_solutions/UCP/unified-profile-for-travellers-and-guests-on-aws/source/ucp-backend/src/business-logic/usecase/usecase.go:123.31,127.3 1 0
/Users/rollatgr/Documents/work/travel/aws_solutions/UCP/unified-profile-for-travellers-and-guests-on-aws/source/ucp-backend/src/business-logic/usecase/usecase.go:128.37,132.3 1 0
/Users/rollatgr/Documents/work/travel/aws_solutions/UCP/unified-profile-for-travellers-and-guests-on-aws/source/ucp-backend/src/business-logic/usecase/usecase.go:133.39,137.3 1 0
/Users/rollatgr/Documents/work/travel/aws_solutions/UCP/unified-profile-for-travellers-and-guests-on-aws/source/ucp-backend/src/business-logic/usecase/usecase.go:138.32,142.3 1 0
/Users/rollatgr/Documents/work/travel/aws_solutions/UCP/unified-profile-for-travellers-and-guests-on-aws/source/ucp-backend/src/business-logic/usecase/usecase.go:143.40,147.3 1 0
/Users/rollatgr/Documents/work/travel/aws_solutions/UCP/unified-profile-for-travellers-and-guests-on-aws/source/ucp-backend/src/business-logic/usecase/usecase.go:148.40,152.3 1 0
/Users/rollatgr/Documents/work/travel/aws_solutions/UCP/unified-profile-for-travellers-and-guests-on-aws/source/ucp-backend/src/business-logic/usecase/usecase.go:153.42,157.3 1 0
/Users/rollatgr/Documents/work/travel/aws_solutions/UCP/unified-profile-for-travellers-and-guests-on-aws/source/ucp-backend/src/business-logic/usecase/usecase.go:164.77,166.31 2 0
/Users/rollatgr/Documents/work/travel/aws_solutions/UCP/unified-profile-for-travellers-and-guests-on-aws/source/ucp-backend/src/business-logic/usecase/usecase.go:179.2,179.17 1 0
/Users/rollatgr/Documents/work/travel/aws_solutions/UCP/unified-profile-for-travellers-and-guests-on-aws/source/ucp-backend/src/business-logic/usecase/usecase.go:166.31,167.67 1 0
/Users/rollatgr/Documents/work/travel/aws_solutions/UCP/unified-profile-for-travellers-and-guests-on-aws/source/ucp-backend/src/business-logic/usecase/usecase.go:167.67,177.4 2 0
/Users/rollatgr/Documents/work/travel/aws_solutions/UCP/unified-profile-for-travellers-and-guests-on-aws/source/ucp-backend/src/business-logic/usecase/usecase.go:182.100,184.31 2 0
/Users/rollatgr/Documents/work/travel/aws_solutions/UCP/unified-profile-for-travellers-and-guests-on-aws/source/ucp-backend/src/business-logic/usecase/usecase.go:199.2,199.17 1 0
/Users/rollatgr/Documents/work/travel/aws_solutions/UCP/unified-profile-for-travellers-and-guests-on-aws/source/ucp-backend/src/business-logic/usecase/usecase.go:184.31,187.69 1 0
/Users/rollatgr/Documents/work/travel/aws_solutions/UCP/unified-profile-for-travellers-and-guests-on-aws/source/ucp-backend/src/business-logic/usecase/usecase.go:187.69,197.4 2 0
/Users/rollatgr/Documents/work/travel/aws_solutions/UCP/unified-profile-for-travellers-and-guests-on-aws/source/ucp-backend/src/business-logic/usecase/usecase.go:202.95,204.31 2 0
/Users/rollatgr/Documents/work/travel/aws_solutions/UCP/unified-profile-for-travellers-and-guests-on-aws/source/ucp-backend/src/business-logic/usecase/usecase.go:224.2,224.17 1 0
/Users/rollatgr/Documents/work/travel/aws_solutions/UCP/unified-profile-for-travellers-and-guests-on-aws/source/ucp-backend/src/business-logic/usecase/usecase.go:204.31,205.78 1 0
/Users/rollatgr/Documents/work/travel/aws_solutions/UCP/unified-profile-for-travellers-and-guests-on-aws/source/ucp-backend/src/business-logic/usecase/usecase.go:205.78,221.4 2 0
/Users/rollatgr/Documents/work/travel/aws_solutions/UCP/unified-profile-for-travellers-and-guests-on-aws/source/ucp-backend/src/business-logic/usecase/usecase.go:227.39,229.16 2 0
/Users/rollatgr/Documents/work/travel/aws_solutions/UCP/unified-profile-for-travellers-and-guests-on-aws/source/ucp-backend/src/business-logic/usecase/usecase.go:233.2,233.15 1 0
/Users/rollatgr/Documents/work/travel/aws_solutions/UCP/unified-profile-for-travellers-and-guests-on-aws/source/ucp-backend/src/business-logic/usecase/usecase.go:229.16,232.3 2 0
/Users/rollatgr/Documents/work/travel/aws_solutions/UCP/unified-profile-for-travellers-and-guests-on-aws/source/ucp-backend/src/business-logic/usecase/usecase.go:236.35,238.16 2 0
/Users/rollatgr/Documents/work/travel/aws_solutions/UCP/unified-profile-for-travellers-and-guests-on-aws/source/ucp-backend/src/business-logic/usecase/usecase.go:242.2,242.15 1 0
/Users/rollatgr/Documents/work/travel/aws_solutions/UCP/unified-profile-for-travellers-and-guests-on-aws/source/ucp-backend/src/business-logic/usecase/usecase.go:238.16,241.3 2 0
/Users/rollatgr/Documents/work/travel/aws_solutions/UCP/unified-profile-for-travellers-and-guests-on-aws/source/ucp-backend/src/business-logic/usecase/usecase.go:245.51,247.16 2 0
/Users/rollatgr/Documents/work/travel/aws_solutions/UCP/unified-profile-for-travellers-and-guests-on-aws/source/ucp-backend/src/business-logic/usecase/usecase.go:251.2,251.15 1 0
/Users/rollatgr/Documents/work/travel/aws_solutions/UCP/unified-profile-for-travellers-and-guests-on-aws/source/ucp-backend/src/business-logic/usecase/usecase.go:247.16,250.3 2 0
/Users/rollatgr/Documents/work/travel/aws_solutions/UCP/unified-profile-for-travellers-and-guests-on-aws/source/ucp-backend/src/business-logic/usecase/usecase.go:254.123,256.16 2 0
/Users/rollatgr/Documents/work/travel/aws_solutions/UCP/unified-profile-for-travellers-and-guests-on-aws/source/ucp-backend/src/business-logic/usecase/usecase.go:259.2,265.17 3 0
/Users/rollatgr/Documents/work/travel/aws_solutions/UCP/unified-profile-for-travellers-and-guests-on-aws/source/ucp-backend/src/business-logic/usecase/usecase.go:268.2,271.17 3 0
/Users/rollatgr/Documents/work/travel/aws_solutions/UCP/unified-profile-for-travellers-and-guests-on-aws/source/ucp-backend/src/business-logic/usecase/usecase.go:274.2,276.91 2 0
/Users/rollatgr/Documents/work/travel/aws_solutions/UCP/unified-profile-for-travellers-and-guests-on-aws/source/ucp-backend/src/business-logic/usecase/usecase.go:256.16,258.3 1 0
/Users/rollatgr/Documents/work/travel/aws_solutions/UCP/unified-profile-for-travellers-and-guests-on-aws/source/ucp-backend/src/business-logic/usecase/usecase.go:265.17,267.3 1 0
/Users/rollatgr/Documents/work/travel/aws_solutions/UCP/unified-profile-for-travellers-and-guests-on-aws/source/ucp-backend/src/business-logic/usecase/usecase.go:271.17,273.3 1 0
/Users/rollatgr/Documents/work/travel/aws_solutions/UCP/unified-profile-for-travellers-and-guests-on-aws/source/ucp-backend/src/business-logic/usecase/usecase.go:279.96,281.41 2 0
/Users/rollatgr/Documents/work/travel/aws_solutions/UCP/unified-profile-for-travellers-and-guests-on-aws/source/ucp-backend/src/business-logic/usecase/usecase.go:293.2,293.21 1 0
/Users/rollatgr/Documents/work/travel/aws_solutions/UCP/unified-profile-for-travellers-and-guests-on-aws/source/ucp-backend/src/business-logic/usecase/usecase.go:281.41,292.3 1 0
/Users/rollatgr/Documents/work/travel/aws_solutions/UCP/unified-profile-for-travellers-and-guests-on-aws/source/ucp-backend/src/business-logic/usecase/usecase.go:296.120,298.16 2 0
/Users/rollatgr/Documents/work/travel/aws_solutions/UCP/unified-profile-for-travellers-and-guests-on-aws/source/ucp-backend/src/business-logic/usecase/usecase.go:301.2,302.37 2 0
/Users/rollatgr/Documents/work/travel/aws_solutions/UCP/unified-profile-for-travellers-and-guests-on-aws/source/ucp-backend/src/business-logic/usecase/usecase.go:311.2,311.76 1 0
/Users/rollatgr/Documents/work/travel/aws_solutions/UCP/unified-profile-for-travellers-and-guests-on-aws/source/ucp-backend/src/business-logic/usecase/usecase.go:298.16,300.3 1 0
/Users/rollatgr/Documents/work/travel/aws_solutions/UCP/unified-profile-for-travellers-and-guests-on-aws/source/ucp-backend/src/business-logic/usecase/usecase.go:302.37,303.50 1 0
/Users/rollatgr/Documents/work/travel/aws_solutions/UCP/unified-profile-for-travellers-and-guests-on-aws/source/ucp-backend/src/business-logic/usecase/usecase.go:303.50,309.4 1 0
/Users/rollatgr/Documents/work/travel/aws_solutions/UCP/unified-profile-for-travellers-and-guests-on-aws/source/ucp-backend/src/business-logic/usecase/usecase.go:314.190,316.16 2 1
/Users/rollatgr/Documents/work/travel/aws_solutions/UCP/unified-profile-for-travellers-and-guests-on-aws/source/ucp-backend/src/business-logic/usecase/usecase.go:320.2,329.39 2 1
/Users/rollatgr/Documents/work/travel/aws_solutions/UCP/unified-profile-for-travellers-and-guests-on-aws/source/ucp-backend/src/business-logic/usecase/usecase.go:346.2,346.32 1 1
/Users/rollatgr/Documents/work/travel/aws_solutions/UCP/unified-profile-for-travellers-and-guests-on-aws/source/ucp-backend/src/business-logic/usecase/usecase.go:316.16,318.3 1 0
/Users/rollatgr/Documents/work/travel/aws_solutions/UCP/unified-profile-for-travellers-and-guests-on-aws/source/ucp-backend/src/business-logic/usecase/usecase.go:329.39,332.17 2 1
/Users/rollatgr/Documents/work/travel/aws_solutions/UCP/unified-profile-for-travellers-and-guests-on-aws/source/ucp-backend/src/business-logic/usecase/usecase.go:340.3,341.18 2 1
/Users/rollatgr/Documents/work/travel/aws_solutions/UCP/unified-profile-for-travellers-and-guests-on-aws/source/ucp-backend/src/business-logic/usecase/usecase.go:332.17,335.19 3 0
/Users/rollatgr/Documents/work/travel/aws_solutions/UCP/unified-profile-for-travellers-and-guests-on-aws/source/ucp-backend/src/business-logic/usecase/usecase.go:338.4,338.34 1 0
/Users/rollatgr/Documents/work/travel/aws_solutions/UCP/unified-profile-for-travellers-and-guests-on-aws/source/ucp-backend/src/business-logic/usecase/usecase.go:335.19,337.5 1 0
/Users/rollatgr/Documents/work/travel/aws_solutions/UCP/unified-profile-for-travellers-and-guests-on-aws/source/ucp-backend/src/business-logic/usecase/usecase.go:341.18,344.4 2 0
/Users/rollatgr/Documents/work/travel/aws_solutions/UCP/unified-profile-for-travellers-and-guests-on-aws/source/ucp-backend/src/business-logic/usecase/usecase.go:349.121,352.2 2 1
/Users/rollatgr/Documents/work/travel/aws_solutions/UCP/unified-profile-for-travellers-and-guests-on-aws/source/ucp-backend/src/business-logic/usecase/usecase.go:354.92,356.49 2 0
/Users/rollatgr/Documents/work/travel/aws_solutions/UCP/unified-profile-for-travellers-and-guests-on-aws/source/ucp-backend/src/business-logic/usecase/usecase.go:359.2,359.22 1 0
/Users/rollatgr/Documents/work/travel/aws_solutions/UCP/unified-profile-for-travellers-and-guests-on-aws/source/ucp-backend/src/business-logic/usecase/usecase.go:356.49,358.3 1 0
/Users/rollatgr/Documents/work/travel/aws_solutions/UCP/unified-profile-for-travellers-and-guests-on-aws/source/ucp-backend/src/business-logic/usecase/usecase.go:361.86,366.2 1 0
/Users/rollatgr/Documents/work/travel/aws_solutions/UCP/unified-profile-for-travellers-and-guests-on-aws/source/ucp-backend/src/business-logic/usecase/usecase.go:367.95,369.49 2 0
/Users/rollatgr/Documents/work/travel/aws_solutions/UCP/unified-profile-for-travellers-and-guests-on-aws/source/ucp-backend/src/business-logic/usecase/usecase.go:372.2,372.22 1 0
/Users/rollatgr/Documents/work/travel/aws_solutions/UCP/unified-profile-for-travellers-and-guests-on-aws/source/ucp-backend/src/business-logic/usecase/usecase.go:369.49,371.3 1 0
/Users/rollatgr/Documents/work/travel/aws_solutions/UCP/unified-profile-for-travellers-and-guests-on-aws/source/ucp-backend/src/business-logic/usecase/usecase.go:374.90,380.2 1 0
/Users/rollatgr/Documents/work/travel/aws_solutions/UCP/unified-profile-for-travellers-and-guests-on-aws/source/ucp-backend/src/business-logic/usecase/usecase.go:382.68,384.2 1 0
/Users/rollatgr/Documents/work/travel/aws_solutions/UCP/unified-profile-for-travellers-and-guests-on-aws/source/ucp-backend/src/business-logic/usecase/usecase.go:385.127,387.16 2 0
/Users/rollatgr/Documents/work/travel/aws_solutions/UCP/unified-profile-for-travellers-and-guests-on-aws/source/ucp-backend/src/business-logic/usecase/usecase.go:390.2,391.30 2 0
/Users/rollatgr/Documents/work/travel/aws_solutions/UCP/unified-profile-for-travellers-and-guests-on-aws/source/ucp-backend/src/business-logic/usecase/usecase.go:397.2,397.84 1 0
/Users/rollatgr/Documents/work/travel/aws_solutions/UCP/unified-profile-for-travellers-and-guests-on-aws/source/ucp-backend/src/business-logic/usecase/usecase.go:387.16,389.3 1 0
/Users/rollatgr/Documents/work/travel/aws_solutions/UCP/unified-profile-for-travellers-and-guests-on-aws/source/ucp-backend/src/business-logic/usecase/usecase.go:391.30,396.3 1 0
/Users/rollatgr/Documents/work/travel/aws_solutions/UCP/unified-profile-for-travellers-and-guests-on-aws/source/ucp-backend/src/business-logic/usecase/usecase.go:400.60,496.2 1 1
/Users/rollatgr/Documents/work/travel/aws_solutions/UCP/unified-profile-for-travellers-and-guests-on-aws/source/ucp-backend/src/business-logic/usecase/usecase.go:498.64,565.2 1 1
/Users/rollatgr/Documents/work/travel/aws_solutions/UCP/unified-profile-for-travellers-and-guests-on-aws/source/ucp-backend/src/business-logic/usecase/usecase.go:566.60,687.2 1 0
/Users/rollatgr/Documents/work/travel/aws_solutions/UCP/unified-profile-for-travellers-and-guests-on-aws/source/ucp-backend/src/business-logic/usecase/usecase.go:689.63,785.2 1 1
/Users/rollatgr/Documents/work/travel/aws_solutions/UCP/unified-profile-for-travellers-and-guests-on-aws/source/ucp-backend/src/business-logic/usecase/usecase.go:787.65,883.2 1 1
/Users/rollatgr/Documents/work/travel/aws_solutions/UCP/unified-profile-for-travellers-and-guests-on-aws/source/ucp-backend/src/business-logic/usecase/usecase.go:885.69,981.2 1 1
/Users/rollatgr/Documents/work/travel/aws_solutions/UCP/unified-profile-for-travellers-and-guests-on-aws/source/ucp-backend/src/business-logic/usecase/usecase.go:983.62,1079.2 1 1
/Users/rollatgr/Documents/work/travel/aws_solutions/UCP/unified-profile-for-travellers-and-guests-on-aws/source/ucp-backend/src/business-logic/usecase/admincase.go:33.95,36.16 3 0
/Users/rollatgr/Documents/work/travel/aws_solutions/UCP/unified-profile-for-travellers-and-guests-on-aws/source/ucp-backend/src/business-logic/usecase/admincase.go:39.2,39.35 1 0
/Users/rollatgr/Documents/work/travel/aws_solutions/UCP/unified-profile-for-travellers-and-guests-on-aws/source/ucp-backend/src/business-logic/usecase/admincase.go:45.2,45.24 1 0
/Users/rollatgr/Documents/work/travel/aws_solutions/UCP/unified-profile-for-travellers-and-guests-on-aws/source/ucp-backend/src/business-logic/usecase/admincase.go:36.16,38.3 1 0
/Users/rollatgr/Documents/work/travel/aws_solutions/UCP/unified-profile-for-travellers-and-guests-on-aws/source/ucp-backend/src/business-logic/usecase/admincase.go:39.35,41.59 1 0
/Users/rollatgr/Documents/work/travel/aws_solutions/UCP/unified-profile-for-travellers-and-guests-on-aws/source/ucp-backend/src/business-logic/usecase/admincase.go:41.59,43.4 1 0
/Users/rollatgr/Documents/work/travel/aws_solutions/UCP/unified-profile-for-travellers-and-guests-on-aws/source/ucp-backend/src/business-logic/usecase/admincase.go:48.167,50.16 2 0
/Users/rollatgr/Documents/work/travel/aws_solutions/UCP/unified-profile-for-travellers-and-guests-on-aws/source/ucp-backend/src/business-logic/usecase/admincase.go:54.2,55.16 2 0
/Users/rollatgr/Documents/work/travel/aws_solutions/UCP/unified-profile-for-travellers-and-guests-on-aws/source/ucp-backend/src/business-logic/usecase/admincase.go:59.2,59.39 1 0
/Users/rollatgr/Documents/work/travel/aws_solutions/UCP/unified-profile-for-travellers-and-guests-on-aws/source/ucp-backend/src/business-logic/usecase/admincase.go:50.16,53.3 2 0
/Users/rollatgr/Documents/work/travel/aws_solutions/UCP/unified-profile-for-travellers-and-guests-on-aws/source/ucp-backend/src/business-logic/usecase/admincase.go:55.16,58.3 2 0
/Users/rollatgr/Documents/work/travel/aws_solutions/UCP/unified-profile-for-travellers-and-guests-on-aws/source/ucp-backend/src/business-logic/usecase/admincase.go:62.107,65.16 3 0
/Users/rollatgr/Documents/work/travel/aws_solutions/UCP/unified-profile-for-travellers-and-guests-on-aws/source/ucp-backend/src/business-logic/usecase/admincase.go:69.2,114.16 7 0
/Users/rollatgr/Documents/work/travel/aws_solutions/UCP/unified-profile-for-travellers-and-guests-on-aws/source/ucp-backend/src/business-logic/usecase/admincase.go:118.2,118.32 1 0
/Users/rollatgr/Documents/work/travel/aws_solutions/UCP/unified-profile-for-travellers-and-guests-on-aws/source/ucp-backend/src/business-logic/usecase/admincase.go:65.16,68.3 2 0
/Users/rollatgr/Documents/work/travel/aws_solutions/UCP/unified-profile-for-travellers-and-guests-on-aws/source/ucp-backend/src/business-logic/usecase/admincase.go:114.16,117.3 2 0
/Users/rollatgr/Documents/work/travel/aws_solutions/UCP/unified-profile-for-travellers-and-guests-on-aws/source/ucp-backend/src/business-logic/usecase/admincase.go:121.105,142.16 3 0
/Users/rollatgr/Documents/work/travel/aws_solutions/UCP/unified-profile-for-travellers-and-guests-on-aws/source/ucp-backend/src/business-logic/usecase/admincase.go:146.2,146.25 1 0
/Users/rollatgr/Documents/work/travel/aws_solutions/UCP/unified-profile-for-travellers-and-guests-on-aws/source/ucp-backend/src/business-logic/usecase/admincase.go:142.16,145.3 2 0
/Users/rollatgr/Documents/work/travel/aws_solutions/UCP/unified-profile-for-travellers-and-guests-on-aws/source/ucp-backend/src/business-logic/usecase/admincase.go:149.114,159.16 5 0
/Users/rollatgr/Documents/work/travel/aws_solutions/UCP/unified-profile-for-travellers-and-guests-on-aws/source/ucp-backend/src/business-logic/usecase/admincase.go:162.2,162.12 1 0
/Users/rollatgr/Documents/work/travel/aws_solutions/UCP/unified-profile-for-travellers-and-guests-on-aws/source/ucp-backend/src/business-logic/usecase/admincase.go:159.16,161.3 1 0
/Users/rollatgr/Documents/work/travel/aws_solutions/UCP/unified-profile-for-travellers-and-guests-on-aws/source/ucp-backend/src/business-logic/usecase/admincase.go:165.126,175.16 8 0
/Users/rollatgr/Documents/work/travel/aws_solutions/UCP/unified-profile-for-travellers-and-guests-on-aws/source/ucp-backend/src/business-logic/usecase/admincase.go:184.2,193.21 5 0
/Users/rollatgr/Documents/work/travel/aws_solutions/UCP/unified-profile-for-travellers-and-guests-on-aws/source/ucp-backend/src/business-logic/usecase/admincase.go:197.2,197.19 1 0
/Users/rollatgr/Documents/work/travel/aws_solutions/UCP/unified-profile-for-travellers-and-guests-on-aws/source/ucp-backend/src/business-logic/usecase/admincase.go:214.2,215.22 2 0
/Users/rollatgr/Documents/work/travel/aws_solutions/UCP/unified-profile-for-travellers-and-guests-on-aws/source/ucp-backend/src/business-logic/usecase/admincase.go:175.16,176.59 1 0
/Users/rollatgr/Documents/work/travel/aws_solutions/UCP/unified-profile-for-travellers-and-guests-on-aws/source/ucp-backend/src/business-logic/usecase/admincase.go:176.59,178.4 1 0
/Users/rollatgr/Documents/work/travel/aws_solutions/UCP/unified-profile-for-travellers-and-guests-on-aws/source/ucp-backend/src/business-logic/usecase/admincase.go:178.9,180.4 1 0
/Users/rollatgr/Documents/work/travel/aws_solutions/UCP/unified-profile-for-travellers-and-guests-on-aws/source/ucp-backend/src/business-logic/usecase/admincase.go:193.21,195.3 1 0
/Users/rollatgr/Documents/work/travel/aws_solutions/UCP/unified-profile-for-travellers-and-guests-on-aws/source/ucp-backend/src/business-logic/usecase/admincase.go:197.19,200.17 2 0
/Users/rollatgr/Documents/work/travel/aws_solutions/UCP/unified-profile-for-travellers-and-guests-on-aws/source/ucp-backend/src/business-logic/usecase/admincase.go:200.17,203.4 2 0
/Users/rollatgr/Documents/work/travel/aws_solutions/UCP/unified-profile-for-travellers-and-guests-on-aws/source/ucp-backend/src/business-logic/usecase/admincase.go:204.8,207.17 2 0
/Users/rollatgr/Documents/work/travel/aws_solutions/UCP/unified-profile-for-travellers-and-guests-on-aws/source/ucp-backend/src/business-logic/usecase/admincase.go:207.17,210.4 2 0
/Users/rollatgr/Documents/work/travel/aws_solutions/UCP/unified-profile-for-travellers-and-guests-on-aws/source/ucp-backend/src/business-logic/usecase/admincase.go:218.88,219.37 1 0
/Users/rollatgr/Documents/work/travel/aws_solutions/UCP/unified-profile-for-travellers-and-guests-on-aws/source/ucp-backend/src/business-logic/usecase/admincase.go:222.2,223.47 2 0
/Users/rollatgr/Documents/work/travel/aws_solutions/UCP/unified-profile-for-travellers-and-guests-on-aws/source/ucp-backend/src/business-logic/usecase/admincase.go:228.2,228.57 1 0
/Users/rollatgr/Documents/work/travel/aws_solutions/UCP/unified-profile-for-travellers-and-guests-on-aws/source/ucp-backend/src/business-logic/usecase/admincase.go:219.37,221.3 1 0
/Users/rollatgr/Documents/work/travel/aws_solutions/UCP/unified-profile-for-travellers-and-guests-on-aws/source/ucp-backend/src/business-logic/usecase/admincase.go:223.47,224.32 1 0
/Users/rollatgr/Documents/work/travel/aws_solutions/UCP/unified-profile-for-travellers-and-guests-on-aws/source/ucp-backend/src/business-logic/usecase/admincase.go:224.32,226.4 1 0
/Users/rollatgr/Documents/work/travel/aws_solutions/UCP/unified-profile-for-travellers-and-guests-on-aws/source/ucp-backend/src/business-logic/usecase/admincase.go:232.40,235.37 3 0
/Users/rollatgr/Documents/work/travel/aws_solutions/UCP/unified-profile-for-travellers-and-guests-on-aws/source/ucp-backend/src/business-logic/usecase/admincase.go:242.2,242.25 1 0
/Users/rollatgr/Documents/work/travel/aws_solutions/UCP/unified-profile-for-travellers-and-guests-on-aws/source/ucp-backend/src/business-logic/usecase/admincase.go:235.37,237.38 2 0
/Users/rollatgr/Documents/work/travel/aws_solutions/UCP/unified-profile-for-travellers-and-guests-on-aws/source/ucp-backend/src/business-logic/usecase/admincase.go:237.38,239.4 1 0
/Users/rollatgr/Documents/work/travel/aws_solutions/UCP/unified-profile-for-travellers-and-guests-on-aws/source/ucp-backend/src/business-logic/usecase/admincase.go:245.99,248.31 3 0
/Users/rollatgr/Documents/work/travel/aws_solutions/UCP/unified-profile-for-travellers-and-guests-on-aws/source/ucp-backend/src/business-logic/usecase/admincase.go:255.2,255.12 1 0
/Users/rollatgr/Documents/work/travel/aws_solutions/UCP/unified-profile-for-travellers-and-guests-on-aws/source/ucp-backend/src/business-logic/usecase/admincase.go:248.31,250.17 2 0
/Users/rollatgr/Documents/work/travel/aws_solutions/UCP/unified-profile-for-travellers-and-guests-on-aws/source/ucp-backend/src/business-logic/usecase/admincase.go:250.17,253.4 2 0
/Users/rollatgr/Documents/work/travel/aws_solutions/UCP/unified-profile-for-travellers-and-guests-on-aws/source/ucp-backend/src/business-logic/usecase/admincase.go:258.46,260.19 2 0
/Users/rollatgr/Documents/work/travel/aws_solutions/UCP/unified-profile-for-travellers-and-guests-on-aws/source/ucp-backend/src/business-logic/usecase/admincase.go:263.2,263.13 1 0
/Users/rollatgr/Documents/work/travel/aws_solutions/UCP/unified-profile-for-travellers-and-guests-on-aws/source/ucp-backend/src/business-logic/usecase/admincase.go:260.19,262.3 1 0
/Users/rollatgr/Documents/work/travel/aws_solutions/UCP/unified-profile-for-travellers-and-guests-on-aws/source/ucp-backend/src/business-logic/usecase/connectors.go:42.58,44.2 1 0
/Users/rollatgr/Documents/work/travel/aws_solutions/UCP/unified-profile-for-travellers-and-guests-on-aws/source/ucp-backend/src/business-logic/usecase/connectors.go:46.63,48.38 2 0
/Users/rollatgr/Documents/work/travel/aws_solutions/UCP/unified-profile-for-travellers-and-guests-on-aws/source/ucp-backend/src/business-logic/usecase/connectors.go:51.2,51.17 1 0
/Users/rollatgr/Documents/work/travel/aws_solutions/UCP/unified-profile-for-travellers-and-guests-on-aws/source/ucp-backend/src/business-logic/usecase/connectors.go:48.38,50.3 1 0
